\BOOKMARK [1][-]{section.1}{\376\377\000C\000o\000n\000f\000i\000g\000u\000r\000a\000t\000i\000o\000n\000:\000\040\0002\0000\0001\0005\0001\0006\000\040\000T\000o\000t\000\040\000G\000r\000a\000N\000E\000W\000\040\0000\000.\0008\0006\000\040}{}% 1
\BOOKMARK [2][-]{subsubsection.1.0.1}{\376\377\000F\000i\000n\000a\000l\000\040\000s\000t\000a\000t\000e\000:\000\040\000P\000I\000P\000I\000,\000\040\000m\000a\000s\000s\000\040\000r\000a\000n\000g\000e\000:\000\040\000t\000o\000t\000a\000l}{section.1}% 2
\BOOKMARK [3][-]{subsubsection.1.0.2}{\376\377\000F\000i\000n\000a\000l\000\040\000s\000t\000a\000t\000e\000:\000\040\000P\000I\000P\000I\000,\000\040\000m\000a\000s\000s\000\040\000r\000a\000n\000g\000e\000:\000\040\000b\000k\000g}{subsubsection.1.0.1}% 3
\BOOKMARK [3][-]{subsubsection.1.0.3}{\376\377\000F\000i\000n\000a\000l\000\040\000s\000t\000a\000t\000e\000:\000\040\000P\000I\000P\000I\000,\000\040\000m\000a\000s\000s\000\040\000r\000a\000n\000g\000e\000:\000\040\0003\000b\000o\000d\000y}{subsubsection.1.0.1}% 4
\BOOKMARK [3][-]{subsubsection.1.0.4}{\376\377\000F\000i\000n\000a\000l\000\040\000s\000t\000a\000t\000e\000:\000\040\000P\000I\000P\000I\000,\000\040\000m\000a\000s\000s\000\040\000r\000a\000n\000g\000e\000:\000\040\000s\000i\000g\0005\000.\0003\0003}{subsubsection.1.0.1}% 5
\BOOKMARK [3][-]{subsubsection.1.0.5}{\376\377\000F\000i\000n\000a\000l\000\040\000s\000t\000a\000t\000e\000:\000\040\000P\000I\000P\000I\000,\000\040\000m\000a\000s\000s\000\040\000r\000a\000n\000g\000e\000:\000\040\000s\000i\000g\0005\000.\0004\0005}{subsubsection.1.0.1}% 6
\BOOKMARK [3][-]{subsubsection.1.0.6}{\376\377\000F\000i\000n\000a\000l\000\040\000s\000t\000a\000t\000e\000:\000\040\000K\000K\000,\000\040\000m\000a\000s\000s\000\040\000r\000a\000n\000g\000e\000:\000\040\000t\000o\000t\000a\000l}{subsubsection.1.0.1}% 7
\BOOKMARK [3][-]{subsubsection.1.0.7}{\376\377\000F\000i\000n\000a\000l\000\040\000s\000t\000a\000t\000e\000:\000\040\000K\000K\000,\000\040\000m\000a\000s\000s\000\040\000r\000a\000n\000g\000e\000:\000\040\000b\000k\000g}{subsubsection.1.0.1}% 8
\BOOKMARK [3][-]{subsubsection.1.0.8}{\376\377\000F\000i\000n\000a\000l\000\040\000s\000t\000a\000t\000e\000:\000\040\000K\000K\000,\000\040\000m\000a\000s\000s\000\040\000r\000a\000n\000g\000e\000:\000\040\0003\000b\000o\000d\000y}{subsubsection.1.0.1}% 9
\BOOKMARK [3][-]{subsubsection.1.0.9}{\376\377\000F\000i\000n\000a\000l\000\040\000s\000t\000a\000t\000e\000:\000\040\000K\000K\000,\000\040\000m\000a\000s\000s\000\040\000r\000a\000n\000g\000e\000:\000\040\000s\000i\000g\0005\000.\0003\0003}{subsubsection.1.0.1}% 10
\BOOKMARK [3][-]{subsubsection.1.0.10}{\376\377\000F\000i\000n\000a\000l\000\040\000s\000t\000a\000t\000e\000:\000\040\000K\000K\000,\000\040\000m\000a\000s\000s\000\040\000r\000a\000n\000g\000e\000:\000\040\000s\000i\000g\0005\000.\0004\0005}{subsubsection.1.0.1}% 11
\BOOKMARK [3][-]{subsubsection.1.0.11}{\376\377\000F\000i\000n\000a\000l\000\040\000s\000t\000a\000t\000e\000:\000\040\000K\000P\000I\000,\000\040\000m\000a\000s\000s\000\040\000r\000a\000n\000g\000e\000:\000\040\000t\000o\000t\000a\000l}{subsubsection.1.0.1}% 12
\BOOKMARK [3][-]{subsubsection.1.0.12}{\376\377\000F\000i\000n\000a\000l\000\040\000s\000t\000a\000t\000e\000:\000\040\000K\000P\000I\000,\000\040\000m\000a\000s\000s\000\040\000r\000a\000n\000g\000e\000:\000\040\000b\000k\000g}{subsubsection.1.0.1}% 13
\BOOKMARK [3][-]{subsubsection.1.0.13}{\376\377\000F\000i\000n\000a\000l\000\040\000s\000t\000a\000t\000e\000:\000\040\000K\000P\000I\000,\000\040\000m\000a\000s\000s\000\040\000r\000a\000n\000g\000e\000:\000\040\0003\000b\000o\000d\000y}{subsubsection.1.0.1}% 14
\BOOKMARK [3][-]{subsubsection.1.0.14}{\376\377\000F\000i\000n\000a\000l\000\040\000s\000t\000a\000t\000e\000:\000\040\000K\000P\000I\000,\000\040\000m\000a\000s\000s\000\040\000r\000a\000n\000g\000e\000:\000\040\000s\000i\000g\0005\000.\0003\0003}{subsubsection.1.0.1}% 15
\BOOKMARK [1][-]{section.2}{\376\377\000C\000o\000n\000f\000i\000g\000u\000r\000a\000t\000i\000o\000n\000:\000\040\0002\0000\0001\0007\000s\0002\0009\000r\0002\000p\0002\000\040\000T\000o\000t\000\040\000G\000r\000a\000N\000E\000W\000\040\0000\000.\0008\0006\000\040}{}% 16
\BOOKMARK [2][-]{subsubsection.2.0.1}{\376\377\000F\000i\000n\000a\000l\000\040\000s\000t\000a\000t\000e\000:\000\040\000P\000I\000P\000I\000,\000\040\000m\000a\000s\000s\000\040\000r\000a\000n\000g\000e\000:\000\040\000t\000o\000t\000a\000l}{section.2}% 17
\BOOKMARK [3][-]{subsubsection.2.0.2}{\376\377\000F\000i\000n\000a\000l\000\040\000s\000t\000a\000t\000e\000:\000\040\000P\000I\000P\000I\000,\000\040\000m\000a\000s\000s\000\040\000r\000a\000n\000g\000e\000:\000\040\000b\000k\000g}{subsubsection.2.0.1}% 18
\BOOKMARK [3][-]{subsubsection.2.0.3}{\376\377\000F\000i\000n\000a\000l\000\040\000s\000t\000a\000t\000e\000:\000\040\000P\000I\000P\000I\000,\000\040\000m\000a\000s\000s\000\040\000r\000a\000n\000g\000e\000:\000\040\0003\000b\000o\000d\000y}{subsubsection.2.0.1}% 19
\BOOKMARK [3][-]{subsubsection.2.0.4}{\376\377\000F\000i\000n\000a\000l\000\040\000s\000t\000a\000t\000e\000:\000\040\000P\000I\000P\000I\000,\000\040\000m\000a\000s\000s\000\040\000r\000a\000n\000g\000e\000:\000\040\000s\000i\000g\0005\000.\0003\0003}{subsubsection.2.0.1}% 20
\BOOKMARK [3][-]{subsubsection.2.0.5}{\376\377\000F\000i\000n\000a\000l\000\040\000s\000t\000a\000t\000e\000:\000\040\000P\000I\000P\000I\000,\000\040\000m\000a\000s\000s\000\040\000r\000a\000n\000g\000e\000:\000\040\000s\000i\000g\0005\000.\0004\0005}{subsubsection.2.0.1}% 21
\BOOKMARK [3][-]{subsubsection.2.0.6}{\376\377\000F\000i\000n\000a\000l\000\040\000s\000t\000a\000t\000e\000:\000\040\000K\000K\000,\000\040\000m\000a\000s\000s\000\040\000r\000a\000n\000g\000e\000:\000\040\000t\000o\000t\000a\000l}{subsubsection.2.0.1}% 22
\BOOKMARK [3][-]{subsubsection.2.0.7}{\376\377\000F\000i\000n\000a\000l\000\040\000s\000t\000a\000t\000e\000:\000\040\000K\000K\000,\000\040\000m\000a\000s\000s\000\040\000r\000a\000n\000g\000e\000:\000\040\000b\000k\000g}{subsubsection.2.0.1}% 23
\BOOKMARK [3][-]{subsubsection.2.0.8}{\376\377\000F\000i\000n\000a\000l\000\040\000s\000t\000a\000t\000e\000:\000\040\000K\000K\000,\000\040\000m\000a\000s\000s\000\040\000r\000a\000n\000g\000e\000:\000\040\0003\000b\000o\000d\000y}{subsubsection.2.0.1}% 24
\BOOKMARK [3][-]{subsubsection.2.0.9}{\376\377\000F\000i\000n\000a\000l\000\040\000s\000t\000a\000t\000e\000:\000\040\000K\000K\000,\000\040\000m\000a\000s\000s\000\040\000r\000a\000n\000g\000e\000:\000\040\000s\000i\000g\0005\000.\0003\0003}{subsubsection.2.0.1}% 25
\BOOKMARK [3][-]{subsubsection.2.0.10}{\376\377\000F\000i\000n\000a\000l\000\040\000s\000t\000a\000t\000e\000:\000\040\000K\000K\000,\000\040\000m\000a\000s\000s\000\040\000r\000a\000n\000g\000e\000:\000\040\000s\000i\000g\0005\000.\0004\0005}{subsubsection.2.0.1}% 26
\BOOKMARK [3][-]{subsubsection.2.0.11}{\376\377\000F\000i\000n\000a\000l\000\040\000s\000t\000a\000t\000e\000:\000\040\000K\000P\000I\000,\000\040\000m\000a\000s\000s\000\040\000r\000a\000n\000g\000e\000:\000\040\000t\000o\000t\000a\000l}{subsubsection.2.0.1}% 27
\BOOKMARK [3][-]{subsubsection.2.0.12}{\376\377\000F\000i\000n\000a\000l\000\040\000s\000t\000a\000t\000e\000:\000\040\000K\000P\000I\000,\000\040\000m\000a\000s\000s\000\040\000r\000a\000n\000g\000e\000:\000\040\000b\000k\000g}{subsubsection.2.0.1}% 28
\BOOKMARK [3][-]{subsubsection.2.0.13}{\376\377\000F\000i\000n\000a\000l\000\040\000s\000t\000a\000t\000e\000:\000\040\000K\000P\000I\000,\000\040\000m\000a\000s\000s\000\040\000r\000a\000n\000g\000e\000:\000\040\0003\000b\000o\000d\000y}{subsubsection.2.0.1}% 29
\BOOKMARK [3][-]{subsubsection.2.0.14}{\376\377\000F\000i\000n\000a\000l\000\040\000s\000t\000a\000t\000e\000:\000\040\000K\000P\000I\000,\000\040\000m\000a\000s\000s\000\040\000r\000a\000n\000g\000e\000:\000\040\000s\000i\000g\0005\000.\0003\0003}{subsubsection.2.0.1}% 30
\BOOKMARK [1][-]{section.3}{\376\377\000C\000o\000n\000f\000i\000g\000u\000r\000a\000t\000i\000o\000n\000:\000\040\0002\0000\0001\0008\000\040\000T\000o\000t\000\040\000G\000r\000a\000N\000E\000W\000\040\0000\000.\0008\0006\000\040}{}% 31
\BOOKMARK [2][-]{subsubsection.3.0.1}{\376\377\000F\000i\000n\000a\000l\000\040\000s\000t\000a\000t\000e\000:\000\040\000P\000I\000P\000I\000,\000\040\000m\000a\000s\000s\000\040\000r\000a\000n\000g\000e\000:\000\040\000t\000o\000t\000a\000l}{section.3}% 32
\BOOKMARK [3][-]{subsubsection.3.0.2}{\376\377\000F\000i\000n\000a\000l\000\040\000s\000t\000a\000t\000e\000:\000\040\000P\000I\000P\000I\000,\000\040\000m\000a\000s\000s\000\040\000r\000a\000n\000g\000e\000:\000\040\000b\000k\000g}{subsubsection.3.0.1}% 33
\BOOKMARK [3][-]{subsubsection.3.0.3}{\376\377\000F\000i\000n\000a\000l\000\040\000s\000t\000a\000t\000e\000:\000\040\000P\000I\000P\000I\000,\000\040\000m\000a\000s\000s\000\040\000r\000a\000n\000g\000e\000:\000\040\0003\000b\000o\000d\000y}{subsubsection.3.0.1}% 34
\BOOKMARK [3][-]{subsubsection.3.0.4}{\376\377\000F\000i\000n\000a\000l\000\040\000s\000t\000a\000t\000e\000:\000\040\000P\000I\000P\000I\000,\000\040\000m\000a\000s\000s\000\040\000r\000a\000n\000g\000e\000:\000\040\000s\000i\000g\0005\000.\0003\0003}{subsubsection.3.0.1}% 35
\BOOKMARK [3][-]{subsubsection.3.0.5}{\376\377\000F\000i\000n\000a\000l\000\040\000s\000t\000a\000t\000e\000:\000\040\000P\000I\000P\000I\000,\000\040\000m\000a\000s\000s\000\040\000r\000a\000n\000g\000e\000:\000\040\000s\000i\000g\0005\000.\0004\0005}{subsubsection.3.0.1}% 36
\BOOKMARK [3][-]{subsubsection.3.0.6}{\376\377\000F\000i\000n\000a\000l\000\040\000s\000t\000a\000t\000e\000:\000\040\000K\000K\000,\000\040\000m\000a\000s\000s\000\040\000r\000a\000n\000g\000e\000:\000\040\000t\000o\000t\000a\000l}{subsubsection.3.0.1}% 37
\BOOKMARK [3][-]{subsubsection.3.0.7}{\376\377\000F\000i\000n\000a\000l\000\040\000s\000t\000a\000t\000e\000:\000\040\000K\000K\000,\000\040\000m\000a\000s\000s\000\040\000r\000a\000n\000g\000e\000:\000\040\000b\000k\000g}{subsubsection.3.0.1}% 38
\BOOKMARK [3][-]{subsubsection.3.0.8}{\376\377\000F\000i\000n\000a\000l\000\040\000s\000t\000a\000t\000e\000:\000\040\000K\000K\000,\000\040\000m\000a\000s\000s\000\040\000r\000a\000n\000g\000e\000:\000\040\0003\000b\000o\000d\000y}{subsubsection.3.0.1}% 39
\BOOKMARK [3][-]{subsubsection.3.0.9}{\376\377\000F\000i\000n\000a\000l\000\040\000s\000t\000a\000t\000e\000:\000\040\000K\000K\000,\000\040\000m\000a\000s\000s\000\040\000r\000a\000n\000g\000e\000:\000\040\000s\000i\000g\0005\000.\0003\0003}{subsubsection.3.0.1}% 40
\BOOKMARK [3][-]{subsubsection.3.0.10}{\376\377\000F\000i\000n\000a\000l\000\040\000s\000t\000a\000t\000e\000:\000\040\000K\000K\000,\000\040\000m\000a\000s\000s\000\040\000r\000a\000n\000g\000e\000:\000\040\000s\000i\000g\0005\000.\0004\0005}{subsubsection.3.0.1}% 41
\BOOKMARK [3][-]{subsubsection.3.0.11}{\376\377\000F\000i\000n\000a\000l\000\040\000s\000t\000a\000t\000e\000:\000\040\000K\000P\000I\000,\000\040\000m\000a\000s\000s\000\040\000r\000a\000n\000g\000e\000:\000\040\000t\000o\000t\000a\000l}{subsubsection.3.0.1}% 42
\BOOKMARK [3][-]{subsubsection.3.0.12}{\376\377\000F\000i\000n\000a\000l\000\040\000s\000t\000a\000t\000e\000:\000\040\000K\000P\000I\000,\000\040\000m\000a\000s\000s\000\040\000r\000a\000n\000g\000e\000:\000\040\000b\000k\000g}{subsubsection.3.0.1}% 43
\BOOKMARK [3][-]{subsubsection.3.0.13}{\376\377\000F\000i\000n\000a\000l\000\040\000s\000t\000a\000t\000e\000:\000\040\000K\000P\000I\000,\000\040\000m\000a\000s\000s\000\040\000r\000a\000n\000g\000e\000:\000\040\0003\000b\000o\000d\000y}{subsubsection.3.0.1}% 44
\BOOKMARK [3][-]{subsubsection.3.0.14}{\376\377\000F\000i\000n\000a\000l\000\040\000s\000t\000a\000t\000e\000:\000\040\000K\000P\000I\000,\000\040\000m\000a\000s\000s\000\040\000r\000a\000n\000g\000e\000:\000\040\000s\000i\000g\0005\000.\0003\0003}{subsubsection.3.0.1}% 45
\BOOKMARK [1][-]{section.4}{\376\377\000S\000u\000m\000m\000a\000r\000y\000\040\000o\000f\000\040\000i\000n\000p\000u\000t\000\040\000p\000a\000r\000a\000m\000s}{}% 46
\BOOKMARK [1][-]{section.5}{\376\377\000S\000u\000m\000m\000a\000r\000y\000\040\000o\000f\000\040\000r\000e\000s\000u\000l\000t\000s}{}% 47
