\BOOKMARK [1][-]{section.1}{\376\377\000I\000n\000t\000r\000o}{}% 1
\BOOKMARK [1][-]{section.2}{\376\377\000Y\000e\000a\000r\000:\000\040\000T\000o\000t\000,\000\040\000M\000a\000g\000n\000e\000t\000:\000\040\000T\000o\000t}{}% 2
\BOOKMARK [2][-]{subsection.2.1}{\376\377\000S\000e\000l\000e\000c\000t\000i\000o\000n\000:\000\040\000b\000d\000t\000G\000r\000a\000N\000E\000W\000>\0000\000.\0007\0008}{section.2}% 3
\BOOKMARK [3][-]{subsubsection.2.1.1}{\376\377\000F\000i\000n\000a\000l\000\040\000s\000t\000a\000t\000e\000:\000\040\000P\000I\000P\000I}{subsection.2.1}% 4
\BOOKMARK [3][-]{subsubsection.2.1.2}{\376\377\000F\000i\000n\000a\000l\000\040\000s\000t\000a\000t\000e\000:\000\040\000K\000K}{subsection.2.1}% 5
\BOOKMARK [3][-]{subsubsection.2.1.3}{\376\377\000F\000i\000n\000a\000l\000\040\000s\000t\000a\000t\000e\000:\000\040\000K\000P\000I}{subsection.2.1}% 6
\BOOKMARK [2][-]{subsection.2.2}{\376\377\000S\000e\000l\000e\000c\000t\000i\000o\000n\000:\000\040\000b\000d\000t\000G\000r\000a\000N\000E\000W\000>\0000\000.\0008}{section.2}% 7
\BOOKMARK [3][-]{subsubsection.2.2.1}{\376\377\000F\000i\000n\000a\000l\000\040\000s\000t\000a\000t\000e\000:\000\040\000P\000I\000P\000I}{subsection.2.2}% 8
\BOOKMARK [3][-]{subsubsection.2.2.2}{\376\377\000F\000i\000n\000a\000l\000\040\000s\000t\000a\000t\000e\000:\000\040\000K\000K}{subsection.2.2}% 9
\BOOKMARK [3][-]{subsubsection.2.2.3}{\376\377\000F\000i\000n\000a\000l\000\040\000s\000t\000a\000t\000e\000:\000\040\000K\000P\000I}{subsection.2.2}% 10
\BOOKMARK [2][-]{subsection.2.3}{\376\377\000S\000e\000l\000e\000c\000t\000i\000o\000n\000:\000\040\000b\000d\000t\000G\000r\000a\000N\000E\000W\000>\0000\000.\0008\0003}{section.2}% 11
\BOOKMARK [3][-]{subsubsection.2.3.1}{\376\377\000F\000i\000n\000a\000l\000\040\000s\000t\000a\000t\000e\000:\000\040\000P\000I\000P\000I}{subsection.2.3}% 12
\BOOKMARK [3][-]{subsubsection.2.3.2}{\376\377\000F\000i\000n\000a\000l\000\040\000s\000t\000a\000t\000e\000:\000\040\000K\000K}{subsection.2.3}% 13
\BOOKMARK [3][-]{subsubsection.2.3.3}{\376\377\000F\000i\000n\000a\000l\000\040\000s\000t\000a\000t\000e\000:\000\040\000K\000P\000I}{subsection.2.3}% 14
\BOOKMARK [2][-]{subsection.2.4}{\376\377\000S\000e\000l\000e\000c\000t\000i\000o\000n\000:\000\040\000b\000d\000t\000G\000r\000a\000N\000E\000W\000>\0000\000.\0008\0006}{section.2}% 15
\BOOKMARK [3][-]{subsubsection.2.4.1}{\376\377\000F\000i\000n\000a\000l\000\040\000s\000t\000a\000t\000e\000:\000\040\000P\000I\000P\000I}{subsection.2.4}% 16
\BOOKMARK [3][-]{subsubsection.2.4.2}{\376\377\000F\000i\000n\000a\000l\000\040\000s\000t\000a\000t\000e\000:\000\040\000K\000K}{subsection.2.4}% 17
\BOOKMARK [3][-]{subsubsection.2.4.3}{\376\377\000F\000i\000n\000a\000l\000\040\000s\000t\000a\000t\000e\000:\000\040\000K\000P\000I}{subsection.2.4}% 18
\BOOKMARK [2][-]{subsection.2.5}{\376\377\000S\000e\000l\000e\000c\000t\000i\000o\000n\000:\000\040\000b\000d\000t\000G\000r\000a\000N\000E\000W\000>\0000\000.\0008\0009}{section.2}% 19
\BOOKMARK [3][-]{subsubsection.2.5.1}{\376\377\000F\000i\000n\000a\000l\000\040\000s\000t\000a\000t\000e\000:\000\040\000P\000I\000P\000I}{subsection.2.5}% 20
\BOOKMARK [3][-]{subsubsection.2.5.2}{\376\377\000F\000i\000n\000a\000l\000\040\000s\000t\000a\000t\000e\000:\000\040\000K\000K}{subsection.2.5}% 21
\BOOKMARK [3][-]{subsubsection.2.5.3}{\376\377\000F\000i\000n\000a\000l\000\040\000s\000t\000a\000t\000e\000:\000\040\000K\000P\000I}{subsection.2.5}% 22
\BOOKMARK [1][-]{section.3}{\376\377\000N\000o\000t\000e\000s}{}% 23
