This is pdfTeX, Version 3.14159265-2.6-1.40.21 (TeX Live 2020) (preloaded format=pdflatex 2025.4.22)  5 JUN 2025 16:08
entering extended mode
 restricted \write18 enabled.
 %&-line parsing enabled.
**AccSignal.tex
(./AccSignal.tex
LaTeX2e <2020-10-01> patch level 4
L3 programming layer <2021-02-18>
(/usr/share/texlive/texmf-dist/tex/latex/base/article.cls
Document Class: article 2020/04/10 v1.4m Standard LaTeX document class
(/usr/share/texlive/texmf-dist/tex/latex/base/size10.clo
File: size10.clo 2020/04/10 v1.4m Standard LaTeX file (size option)
)
\c@part=\count179
\c@section=\count180
\c@subsection=\count181
\c@subsubsection=\count182
\c@paragraph=\count183
\c@subparagraph=\count184
\c@figure=\count185
\c@table=\count186
\abovecaptionskip=\skip47
\belowcaptionskip=\skip48
\bibindent=\dimen138
)
(/usr/share/texlive/texmf-dist/tex/latex/base/inputenc.sty
Package: inputenc 2020/08/01 v1.3d Input encoding file
\inpenc@prehook=\toks15
\inpenc@posthook=\toks16
)
(/usr/share/texlive/texmf-dist/tex/latex/amsmath/amsmath.sty
Package: amsmath 2020/09/23 v2.17i AMS math features
\@mathmargin=\skip49

For additional information on amsmath, use the `?' option.
(/usr/share/texlive/texmf-dist/tex/latex/amsmath/amstext.sty
Package: amstext 2000/06/29 v2.01 AMS text

(/usr/share/texlive/texmf-dist/tex/latex/amsmath/amsgen.sty
File: amsgen.sty 1999/11/30 v2.0 generic functions
\@emptytoks=\toks17
\ex@=\dimen139
))
(/usr/share/texlive/texmf-dist/tex/latex/amsmath/amsbsy.sty
Package: amsbsy 1999/11/29 v1.2d Bold Symbols
\pmbraise@=\dimen140
)
(/usr/share/texlive/texmf-dist/tex/latex/amsmath/amsopn.sty
Package: amsopn 2016/03/08 v2.02 operator names
)
\inf@bad=\count187
LaTeX Info: Redefining \frac on input line 234.
\uproot@=\count188
\leftroot@=\count189
LaTeX Info: Redefining \overline on input line 399.
\classnum@=\count190
\DOTSCASE@=\count191
LaTeX Info: Redefining \ldots on input line 496.
LaTeX Info: Redefining \dots on input line 499.
LaTeX Info: Redefining \cdots on input line 620.
\Mathstrutbox@=\box47
\strutbox@=\box48
\big@size=\dimen141
LaTeX Font Info:    Redeclaring font encoding OML on input line 743.
LaTeX Font Info:    Redeclaring font encoding OMS on input line 744.
\macc@depth=\count192
\c@MaxMatrixCols=\count193
\dotsspace@=\muskip16
\c@parentequation=\count194
\dspbrk@lvl=\count195
\tag@help=\toks18
\row@=\count196
\column@=\count197
\maxfields@=\count198
\andhelp@=\toks19
\eqnshift@=\dimen142
\alignsep@=\dimen143
\tagshift@=\dimen144
\tagwidth@=\dimen145
\totwidth@=\dimen146
\lineht@=\dimen147
\@envbody=\toks20
\multlinegap=\skip50
\multlinetaggap=\skip51
\mathdisplay@stack=\toks21
LaTeX Info: Redefining \[ on input line 2923.
LaTeX Info: Redefining \] on input line 2924.
)
(/usr/share/texlive/texmf-dist/tex/latex/amsfonts/amsfonts.sty
Package: amsfonts 2013/01/14 v3.01 Basic AMSFonts support
\symAMSa=\mathgroup4
\symAMSb=\mathgroup5
LaTeX Font Info:    Redeclaring math symbol \hbar on input line 98.
LaTeX Font Info:    Overwriting math alphabet `\mathfrak' in version `bold'
(Font)                  U/euf/m/n --> U/euf/b/n on input line 106.
)
(/usr/share/texlive/texmf-dist/tex/latex/amsfonts/amssymb.sty
Package: amssymb 2013/01/14 v3.01 AMS font symbols
)
(/usr/share/texlive/texmf-dist/tex/latex/graphics/graphicx.sty
Package: graphicx 2020/09/09 v1.2b Enhanced LaTeX Graphics (DPC,SPQR)

(/usr/share/texlive/texmf-dist/tex/latex/graphics/keyval.sty
Package: keyval 2014/10/28 v1.15 key=value parser (DPC)
\KV@toks@=\toks22
)
(/usr/share/texlive/texmf-dist/tex/latex/graphics/graphics.sty
Package: graphics 2020/08/30 v1.4c Standard LaTeX Graphics (DPC,SPQR)

(/usr/share/texlive/texmf-dist/tex/latex/graphics/trig.sty
Package: trig 2016/01/03 v1.10 sin cos tan (DPC)
)
(/usr/share/texlive/texmf-dist/tex/latex/graphics-cfg/graphics.cfg
File: graphics.cfg 2016/06/04 v1.11 sample graphics configuration
)
Package graphics Info: Driver file: pdftex.def on input line 105.

(/usr/share/texlive/texmf-dist/tex/latex/graphics-def/pdftex.def
File: pdftex.def 2020/10/05 v1.2a Graphics/color driver for pdftex
))
\Gin@req@height=\dimen148
\Gin@req@width=\dimen149
)
(/usr/share/texlive/texmf-dist/tex/latex/geometry/geometry.sty
Package: geometry 2020/01/02 v5.9 Page Geometry

(/usr/share/texlive/texmf-dist/tex/generic/iftex/ifvtex.sty
Package: ifvtex 2019/10/25 v1.7 ifvtex legacy package. Use iftex instead.

(/usr/share/texlive/texmf-dist/tex/generic/iftex/iftex.sty
Package: iftex 2020/03/06 v1.0d TeX engine tests
))
\Gm@cnth=\count199
\Gm@cntv=\count266
\c@Gm@tempcnt=\count267
\Gm@bindingoffset=\dimen150
\Gm@wd@mp=\dimen151
\Gm@odd@mp=\dimen152
\Gm@even@mp=\dimen153
\Gm@layoutwidth=\dimen154
\Gm@layoutheight=\dimen155
\Gm@layouthoffset=\dimen156
\Gm@layoutvoffset=\dimen157
\Gm@dimlist=\toks23
)
(/usr/share/texlive/texmf-dist/tex/latex/hyperref/hyperref.sty
Package: hyperref 2021-02-27 v7.00k Hypertext links for LaTeX

(/usr/share/texlive/texmf-dist/tex/generic/ltxcmds/ltxcmds.sty
Package: ltxcmds 2020-05-10 v1.25 LaTeX kernel commands for general use (HO)
)
(/usr/share/texlive/texmf-dist/tex/generic/pdftexcmds/pdftexcmds.sty
Package: pdftexcmds 2020-06-27 v0.33 Utility functions of pdfTeX for LuaTeX (HO
)

(/usr/share/texlive/texmf-dist/tex/generic/infwarerr/infwarerr.sty
Package: infwarerr 2019/12/03 v1.5 Providing info/warning/error messages (HO)
)
Package pdftexcmds Info: \pdf@primitive is available.
Package pdftexcmds Info: \pdf@ifprimitive is available.
Package pdftexcmds Info: \pdfdraftmode found.
)
(/usr/share/texlive/texmf-dist/tex/generic/kvsetkeys/kvsetkeys.sty
Package: kvsetkeys 2019/12/15 v1.18 Key value parser (HO)
)
(/usr/share/texlive/texmf-dist/tex/generic/kvdefinekeys/kvdefinekeys.sty
Package: kvdefinekeys 2019-12-19 v1.6 Define keys (HO)
)
(/usr/share/texlive/texmf-dist/tex/generic/pdfescape/pdfescape.sty
Package: pdfescape 2019/12/09 v1.15 Implements pdfTeX's escape features (HO)
)
(/usr/share/texlive/texmf-dist/tex/latex/hycolor/hycolor.sty
Package: hycolor 2020-01-27 v1.10 Color options for hyperref/bookmark (HO)
)
(/usr/share/texlive/texmf-dist/tex/latex/letltxmacro/letltxmacro.sty
Package: letltxmacro 2019/12/03 v1.6 Let assignment for LaTeX macros (HO)
)
(/usr/share/texlive/texmf-dist/tex/latex/auxhook/auxhook.sty
Package: auxhook 2019-12-17 v1.6 Hooks for auxiliary files (HO)
)
(/usr/share/texlive/texmf-dist/tex/latex/kvoptions/kvoptions.sty
Package: kvoptions 2020-10-07 v3.14 Key value format for package options (HO)
)
\@linkdim=\dimen158
\Hy@linkcounter=\count268
\Hy@pagecounter=\count269

(/usr/share/texlive/texmf-dist/tex/latex/hyperref/pd1enc.def
File: pd1enc.def 2021-02-27 v7.00k Hyperref: PDFDocEncoding definition (HO)
Now handling font encoding PD1 ...
... no UTF-8 mapping file for font encoding PD1
)
(/usr/share/texlive/texmf-dist/tex/latex/hyperref/hyperref-langpatches.def
File: hyperref-langpatches.def 2021-02-27 v7.00k Hyperref: patches for babel la
nguages
)
(/usr/share/texlive/texmf-dist/tex/generic/intcalc/intcalc.sty
Package: intcalc 2019/12/15 v1.3 Expandable calculations with integers (HO)
)
(/usr/share/texlive/texmf-dist/tex/generic/etexcmds/etexcmds.sty
Package: etexcmds 2019/12/15 v1.7 Avoid name clashes with e-TeX commands (HO)
)
\Hy@SavedSpaceFactor=\count270

(/usr/share/texlive/texmf-dist/tex/latex/hyperref/puenc.def
File: puenc.def 2021-02-27 v7.00k Hyperref: PDF Unicode definition (HO)
Now handling font encoding PU ...
... no UTF-8 mapping file for font encoding PU
)
Package hyperref Info: Hyper figures OFF on input line 4192.
Package hyperref Info: Link nesting OFF on input line 4197.
Package hyperref Info: Hyper index ON on input line 4200.
Package hyperref Info: Plain pages OFF on input line 4207.
Package hyperref Info: Backreferencing OFF on input line 4212.
Package hyperref Info: Implicit mode ON; LaTeX internals redefined.
Package hyperref Info: Bookmarks ON on input line 4445.
\c@Hy@tempcnt=\count271

(/usr/share/texlive/texmf-dist/tex/latex/url/url.sty
\Urlmuskip=\muskip17
Package: url 2013/09/16  ver 3.4  Verb mode for urls, etc.
)
LaTeX Info: Redefining \url on input line 4804.
\XeTeXLinkMargin=\dimen159

(/usr/share/texlive/texmf-dist/tex/generic/bitset/bitset.sty
Package: bitset 2019/12/09 v1.3 Handle bit-vector datatype (HO)

(/usr/share/texlive/texmf-dist/tex/generic/bigintcalc/bigintcalc.sty
Package: bigintcalc 2019/12/15 v1.5 Expandable calculations on big integers (HO
)
))
\Fld@menulength=\count272
\Field@Width=\dimen160
\Fld@charsize=\dimen161
Package hyperref Info: Hyper figures OFF on input line 6075.
Package hyperref Info: Link nesting OFF on input line 6080.
Package hyperref Info: Hyper index ON on input line 6083.
Package hyperref Info: backreferencing OFF on input line 6090.
Package hyperref Info: Link coloring OFF on input line 6095.
Package hyperref Info: Link coloring with OCG OFF on input line 6100.
Package hyperref Info: PDF/A mode OFF on input line 6105.
LaTeX Info: Redefining \ref on input line 6145.
LaTeX Info: Redefining \pageref on input line 6149.

(/usr/share/texlive/texmf-dist/tex/latex/base/atbegshi-ltx.sty
Package: atbegshi-ltx 2020/08/17 v1.0a Emulation of the original atbegshi packa
ge
with kernel methods
)
\Hy@abspage=\count273
\c@Item=\count274
\c@Hfootnote=\count275
)
Package hyperref Info: Driver (autodetected): hpdftex.

(/usr/share/texlive/texmf-dist/tex/latex/hyperref/hpdftex.def
File: hpdftex.def 2021-02-27 v7.00k Hyperref driver for pdfTeX

(/usr/share/texlive/texmf-dist/tex/latex/base/atveryend-ltx.sty
Package: atveryend-ltx 2020/08/19 v1.0a Emulation of the original atvery packag
e
with kernel methods
)
\Fld@listcount=\count276
\c@bookmark@seq@number=\count277

(/usr/share/texlive/texmf-dist/tex/latex/rerunfilecheck/rerunfilecheck.sty
Package: rerunfilecheck 2019/12/05 v1.9 Rerun checks for auxiliary files (HO)

(/usr/share/texlive/texmf-dist/tex/generic/uniquecounter/uniquecounter.sty
Package: uniquecounter 2019/12/15 v1.4 Provide unlimited unique counter (HO)
)
Package uniquecounter Info: New unique counter `rerunfilecheck' on input line 2
86.
)
\Hy@SectionHShift=\skip52
)
(/usr/share/texlive/texmf-dist/tex/latex/l3backend/l3backend-pdftex.def
File: l3backend-pdftex.def 2021-03-18 L3 backend support: PDF output (pdfTeX)
\l__color_backend_stack_int=\count278
\l__pdf_internal_box=\box49
)
(./AccSignal.aux

LaTeX Warning: Label `fig:fitForAcc 201516 GraNEW' multiply defined.


LaTeX Warning: Label `fig:fitForAcc 201516 GraNEW' multiply defined.


LaTeX Warning: Label `fig:fitForAcc 201516 GraNEW' multiply defined.


LaTeX Warning: Label `fig:fitForAcc 2017s29r2p2 GraNEW' multiply defined.


LaTeX Warning: Label `fig:fitForAcc 2017s29r2p2 GraNEW' multiply defined.


LaTeX Warning: Label `fig:fitForAcc 2017s29r2p2 GraNEW' multiply defined.


LaTeX Warning: Label `fig:fitForAcc 2018 GraNEW' multiply defined.


LaTeX Warning: Label `fig:fitForAcc 2018 GraNEW' multiply defined.


LaTeX Warning: Label `fig:fitForAcc 2018 GraNEW' multiply defined.

)
\openout1 = `AccSignal.aux'.

LaTeX Font Info:    Checking defaults for OML/cmm/m/it on input line 12.
LaTeX Font Info:    ... okay on input line 12.
LaTeX Font Info:    Checking defaults for OMS/cmsy/m/n on input line 12.
LaTeX Font Info:    ... okay on input line 12.
LaTeX Font Info:    Checking defaults for OT1/cmr/m/n on input line 12.
LaTeX Font Info:    ... okay on input line 12.
LaTeX Font Info:    Checking defaults for T1/cmr/m/n on input line 12.
LaTeX Font Info:    ... okay on input line 12.
LaTeX Font Info:    Checking defaults for TS1/cmr/m/n on input line 12.
LaTeX Font Info:    ... okay on input line 12.
LaTeX Font Info:    Checking defaults for OMX/cmex/m/n on input line 12.
LaTeX Font Info:    ... okay on input line 12.
LaTeX Font Info:    Checking defaults for U/cmr/m/n on input line 12.
LaTeX Font Info:    ... okay on input line 12.
LaTeX Font Info:    Checking defaults for PD1/pdf/m/n on input line 12.
LaTeX Font Info:    ... okay on input line 12.
LaTeX Font Info:    Checking defaults for PU/pdf/m/n on input line 12.
LaTeX Font Info:    ... okay on input line 12.
 (/usr/share/texlive/texmf-dist/tex/latex/epstopdf-pkg/epstopdf-base.sty
Package: epstopdf-base 2020-01-24 v2.11 Base part for package epstopdf
Package epstopdf-base Info: Redefining graphics rule for `.eps' on input line 4
85.

(/usr/share/texlive/texmf-dist/tex/latex/latexconfig/epstopdf-sys.cfg
File: epstopdf-sys.cfg 2010/07/13 v1.3 Configuration of (r)epstopdf for TeX Liv
e
))
*geometry* driver: auto-detecting
*geometry* detected driver: pdftex
*geometry* verbose mode - [ preamble ] result:
* driver: pdftex
* paper: a4paper
* layout: <same size as paper>
* layoutoffset:(h,v)=(0.0pt,0.0pt)
* bindingoffset: 14.22636pt
* modes: heightrounded 
* h-part:(L,W,R)=(14.22636pt, 554.82878pt, 14.22636pt)
* v-part:(T,H,B)=(28.45274pt, 773.91498pt, 42.67912pt)
* \paperwidth=597.50787pt
* \paperheight=845.04684pt
* \textwidth=554.82878pt
* \textheight=778.0pt
* \oddsidemargin=-43.81726pt
* \evensidemargin=-58.04362pt
* \topmargin=-80.81725pt
* \headheight=12.0pt
* \headsep=25.0pt
* \topskip=10.0pt
* \footskip=30.0pt
* \marginparwidth=57.0pt
* \marginparsep=11.0pt
* \columnsep=10.0pt
* \skip\footins=9.0pt plus 4.0pt minus 2.0pt
* \hoffset=0.0pt
* \voffset=0.0pt
* \mag=1000
* \@twocolumnfalse
* \@twosidefalse
* \@mparswitchfalse
* \@reversemarginfalse
* (1in=72.27pt=25.4mm, 1cm=28.453pt)

Package hyperref Info: Link coloring OFF on input line 12.
(/usr/share/texlive/texmf-dist/tex/latex/hyperref/nameref.sty
Package: nameref 2021-04-02 v2.47 Cross-referencing by name of section

(/usr/share/texlive/texmf-dist/tex/latex/refcount/refcount.sty
Package: refcount 2019/12/15 v3.6 Data extraction from label references (HO)
)
(/usr/share/texlive/texmf-dist/tex/generic/gettitlestring/gettitlestring.sty
Package: gettitlestring 2019/12/15 v1.6 Cleanup title references (HO)
)
\c@section@level=\count279
)
LaTeX Info: Redefining \ref on input line 12.
LaTeX Info: Redefining \pageref on input line 12.
LaTeX Info: Redefining \nameref on input line 12.

(./AccSignal.out) (./AccSignal.out)
\@outlinefile=\write3
\openout3 = `AccSignal.out'.

 (./AccSignal.toc
LaTeX Font Info:    Trying to load font information for U+msa on input line 3.

(/usr/share/texlive/texmf-dist/tex/latex/amsfonts/umsa.fd
File: umsa.fd 2013/01/14 v3.01 AMS symbols A
)
LaTeX Font Info:    Trying to load font information for U+msb on input line 3.

(/usr/share/texlive/texmf-dist/tex/latex/amsfonts/umsb.fd
File: umsb.fd 2013/01/14 v3.01 AMS symbols B
))
\tf@toc=\write4
\openout4 = `AccSignal.toc'.

 [1

{/usr/share/texlive/texmf-dist/fonts/map/pdftex/updmap/pdftex.map}]

Package hyperref Warning: Token not allowed in a PDF string (Unicode):
(hyperref)                removing `math shift' on input line 18.


Package hyperref Warning: Token not allowed in a PDF string (Unicode):
(hyperref)                removing `math shift' on input line 18.

</ceph-data/lhcb_g/users/mcaporal/bspipi/out/AccSignal//plots/fitAcc/pdf/fitFor
Acc_Data_kpi_GraNEW_0.86_201516_Tot_tot.pdf, id=55, 569.12625pt x 570.13pt>
File: /ceph-data/lhcb_g/users/mcaporal/bspipi/out/AccSignal//plots/fitAcc/pdf/f
itForAcc_Data_kpi_GraNEW_0.86_201516_Tot_tot.pdf Graphic file (type pdf)
<use /ceph-data/lhcb_g/users/mcaporal/bspipi/out/AccSignal//plots/fitAcc/pdf/fi
tForAcc_Data_kpi_GraNEW_0.86_201516_Tot_tot.pdf>
Package pdftex.def Info: /ceph-data/lhcb_g/users/mcaporal/bspipi/out/AccSignal/
/plots/fitAcc/pdf/fitForAcc_Data_kpi_GraNEW_0.86_201516_Tot_tot.pdf  used on in
put line 21.
(pdftex.def)             Requested size: 133.16194pt x 133.3977pt.
</ceph-data/lhcb_g/users/mcaporal/bspipi/out/AccSignal//plots/fitAcc/pdf/fitFor
Acc_Data_kpi_GraNEW_0.86_201516_Tot_tag.pdf, id=56, 569.12625pt x 570.13pt>
File: /ceph-data/lhcb_g/users/mcaporal/bspipi/out/AccSignal//plots/fitAcc/pdf/f
itForAcc_Data_kpi_GraNEW_0.86_201516_Tot_tag.pdf Graphic file (type pdf)
<use /ceph-data/lhcb_g/users/mcaporal/bspipi/out/AccSignal//plots/fitAcc/pdf/fi
tForAcc_Data_kpi_GraNEW_0.86_201516_Tot_tag.pdf>
Package pdftex.def Info: /ceph-data/lhcb_g/users/mcaporal/bspipi/out/AccSignal/
/plots/fitAcc/pdf/fitForAcc_Data_kpi_GraNEW_0.86_201516_Tot_tag.pdf  used on in
put line 22.
(pdftex.def)             Requested size: 133.16194pt x 133.3977pt.
</ceph-data/lhcb_g/users/mcaporal/bspipi/out/AccSignal//plots/fitAcc/pdf/fitFor
Acc_bdkpi_kpi_GraNEW_0.86_201516_Tot_tot.pdf, id=57, 569.12625pt x 570.13pt>
File: /ceph-data/lhcb_g/users/mcaporal/bspipi/out/AccSignal//plots/fitAcc/pdf/f
itForAcc_bdkpi_kpi_GraNEW_0.86_201516_Tot_tot.pdf Graphic file (type pdf)
<use /ceph-data/lhcb_g/users/mcaporal/bspipi/out/AccSignal//plots/fitAcc/pdf/fi
tForAcc_bdkpi_kpi_GraNEW_0.86_201516_Tot_tot.pdf>
Package pdftex.def Info: /ceph-data/lhcb_g/users/mcaporal/bspipi/out/AccSignal/
/plots/fitAcc/pdf/fitForAcc_bdkpi_kpi_GraNEW_0.86_201516_Tot_tot.pdf  used on i
nput line 29.
(pdftex.def)             Requested size: 133.16194pt x 133.3977pt.
</ceph-data/lhcb_g/users/mcaporal/bspipi/out/AccSignal//plots/fitAcc/pdf/fitFor
Acc_bdpipi_kpi_GraNEW_0.86_201516_Tot_tot.pdf, id=58, 569.12625pt x 570.13pt>
File: /ceph-data/lhcb_g/users/mcaporal/bspipi/out/AccSignal//plots/fitAcc/pdf/f
itForAcc_bdpipi_kpi_GraNEW_0.86_201516_Tot_tot.pdf Graphic file (type pdf)
<use /ceph-data/lhcb_g/users/mcaporal/bspipi/out/AccSignal//plots/fitAcc/pdf/fi
tForAcc_bdpipi_kpi_GraNEW_0.86_201516_Tot_tot.pdf>
Package pdftex.def Info: /ceph-data/lhcb_g/users/mcaporal/bspipi/out/AccSignal/
/plots/fitAcc/pdf/fitForAcc_bdpipi_kpi_GraNEW_0.86_201516_Tot_tot.pdf  used on 
input line 30.
(pdftex.def)             Requested size: 133.16194pt x 133.3977pt.
</ceph-data/lhcb_g/users/mcaporal/bspipi/out/AccSignal//plots/fitAcc/pdf/fitFor
Acc_bskk_kpi_GraNEW_0.86_201516_Tot_tot.pdf, id=59, 569.12625pt x 570.13pt>
File: /ceph-data/lhcb_g/users/mcaporal/bspipi/out/AccSignal//plots/fitAcc/pdf/f
itForAcc_bskk_kpi_GraNEW_0.86_201516_Tot_tot.pdf Graphic file (type pdf)
<use /ceph-data/lhcb_g/users/mcaporal/bspipi/out/AccSignal//plots/fitAcc/pdf/fi
tForAcc_bskk_kpi_GraNEW_0.86_201516_Tot_tot.pdf>
Package pdftex.def Info: /ceph-data/lhcb_g/users/mcaporal/bspipi/out/AccSignal/
/plots/fitAcc/pdf/fitForAcc_bskk_kpi_GraNEW_0.86_201516_Tot_tot.pdf  used on in
put line 31.
(pdftex.def)             Requested size: 133.16194pt x 133.3977pt.
</ceph-data/lhcb_g/users/mcaporal/bspipi/out/AccSignal//plots/fitAcc/pdf/fitFor
Acc_bskpi_kpi_GraNEW_0.86_201516_Tot_tot.pdf, id=60, 569.12625pt x 570.13pt>
File: /ceph-data/lhcb_g/users/mcaporal/bspipi/out/AccSignal//plots/fitAcc/pdf/f
itForAcc_bskpi_kpi_GraNEW_0.86_201516_Tot_tot.pdf Graphic file (type pdf)
<use /ceph-data/lhcb_g/users/mcaporal/bspipi/out/AccSignal//plots/fitAcc/pdf/fi
tForAcc_bskpi_kpi_GraNEW_0.86_201516_Tot_tot.pdf>
Package pdftex.def Info: /ceph-data/lhcb_g/users/mcaporal/bspipi/out/AccSignal/
/plots/fitAcc/pdf/fitForAcc_bskpi_kpi_GraNEW_0.86_201516_Tot_tot.pdf  used on i
nput line 32.
(pdftex.def)             Requested size: 133.16194pt x 133.3977pt.
</ceph-data/lhcb_g/users/mcaporal/bspipi/out/AccSignal//plots/fitAcc/pdf/fitFor
Acc_bdkpi_kpi_GraNEW_0.86_201516_Tot_tag.pdf, id=61, 569.12625pt x 570.13pt>
File: /ceph-data/lhcb_g/users/mcaporal/bspipi/out/AccSignal//plots/fitAcc/pdf/f
itForAcc_bdkpi_kpi_GraNEW_0.86_201516_Tot_tag.pdf Graphic file (type pdf)
<use /ceph-data/lhcb_g/users/mcaporal/bspipi/out/AccSignal//plots/fitAcc/pdf/fi
tForAcc_bdkpi_kpi_GraNEW_0.86_201516_Tot_tag.pdf>
Package pdftex.def Info: /ceph-data/lhcb_g/users/mcaporal/bspipi/out/AccSignal/
/plots/fitAcc/pdf/fitForAcc_bdkpi_kpi_GraNEW_0.86_201516_Tot_tag.pdf  used on i
nput line 33.
(pdftex.def)             Requested size: 133.16194pt x 133.3977pt.
</ceph-data/lhcb_g/users/mcaporal/bspipi/out/AccSignal//plots/fitAcc/pdf/fitFor
Acc_bdpipi_kpi_GraNEW_0.86_201516_Tot_tag.pdf, id=62, 569.12625pt x 570.13pt>
File: /ceph-data/lhcb_g/users/mcaporal/bspipi/out/AccSignal//plots/fitAcc/pdf/f
itForAcc_bdpipi_kpi_GraNEW_0.86_201516_Tot_tag.pdf Graphic file (type pdf)
<use /ceph-data/lhcb_g/users/mcaporal/bspipi/out/AccSignal//plots/fitAcc/pdf/fi
tForAcc_bdpipi_kpi_GraNEW_0.86_201516_Tot_tag.pdf>
Package pdftex.def Info: /ceph-data/lhcb_g/users/mcaporal/bspipi/out/AccSignal/
/plots/fitAcc/pdf/fitForAcc_bdpipi_kpi_GraNEW_0.86_201516_Tot_tag.pdf  used on 
input line 34.
(pdftex.def)             Requested size: 133.16194pt x 133.3977pt.
</ceph-data/lhcb_g/users/mcaporal/bspipi/out/AccSignal//plots/fitAcc/pdf/fitFor
Acc_bskk_kpi_GraNEW_0.86_201516_Tot_tag.pdf, id=63, 569.12625pt x 570.13pt>
File: /ceph-data/lhcb_g/users/mcaporal/bspipi/out/AccSignal//plots/fitAcc/pdf/f
itForAcc_bskk_kpi_GraNEW_0.86_201516_Tot_tag.pdf Graphic file (type pdf)
<use /ceph-data/lhcb_g/users/mcaporal/bspipi/out/AccSignal//plots/fitAcc/pdf/fi
tForAcc_bskk_kpi_GraNEW_0.86_201516_Tot_tag.pdf>
Package pdftex.def Info: /ceph-data/lhcb_g/users/mcaporal/bspipi/out/AccSignal/
/plots/fitAcc/pdf/fitForAcc_bskk_kpi_GraNEW_0.86_201516_Tot_tag.pdf  used on in
put line 35.
(pdftex.def)             Requested size: 133.16194pt x 133.3977pt.
</ceph-data/lhcb_g/users/mcaporal/bspipi/out/AccSignal//plots/fitAcc/pdf/fitFor
Acc_bskpi_kpi_GraNEW_0.86_201516_Tot_tag.pdf, id=64, 569.12625pt x 570.13pt>
File: /ceph-data/lhcb_g/users/mcaporal/bspipi/out/AccSignal//plots/fitAcc/pdf/f
itForAcc_bskpi_kpi_GraNEW_0.86_201516_Tot_tag.pdf Graphic file (type pdf)
<use /ceph-data/lhcb_g/users/mcaporal/bspipi/out/AccSignal//plots/fitAcc/pdf/fi
tForAcc_bskpi_kpi_GraNEW_0.86_201516_Tot_tag.pdf>
Package pdftex.def Info: /ceph-data/lhcb_g/users/mcaporal/bspipi/out/AccSignal/
/plots/fitAcc/pdf/fitForAcc_bskpi_kpi_GraNEW_0.86_201516_Tot_tag.pdf  used on i
nput line 36.
(pdftex.def)             Requested size: 133.16194pt x 133.3977pt.
</ceph-data/lhcb_g/users/mcaporal/bspipi/out/AccSignal//plots/fitAcc/pdf/fitFor
Acc_bdkpi_pipi_GraNEW_0.86_201516_Tot_tot.pdf, id=65, 569.12625pt x 570.13pt>
File: /ceph-data/lhcb_g/users/mcaporal/bspipi/out/AccSignal//plots/fitAcc/pdf/f
itForAcc_bdkpi_pipi_GraNEW_0.86_201516_Tot_tot.pdf Graphic file (type pdf)
<use /ceph-data/lhcb_g/users/mcaporal/bspipi/out/AccSignal//plots/fitAcc/pdf/fi
tForAcc_bdkpi_pipi_GraNEW_0.86_201516_Tot_tot.pdf>
Package pdftex.def Info: /ceph-data/lhcb_g/users/mcaporal/bspipi/out/AccSignal/
/plots/fitAcc/pdf/fitForAcc_bdkpi_pipi_GraNEW_0.86_201516_Tot_tot.pdf  used on 
input line 43.
(pdftex.def)             Requested size: 133.16194pt x 133.3977pt.
</ceph-data/lhcb_g/users/mcaporal/bspipi/out/AccSignal//plots/fitAcc/pdf/fitFor
Acc_bdpipi_pipi_GraNEW_0.86_201516_Tot_tot.pdf, id=66, 569.12625pt x 570.13pt>
File: /ceph-data/lhcb_g/users/mcaporal/bspipi/out/AccSignal//plots/fitAcc/pdf/f
itForAcc_bdpipi_pipi_GraNEW_0.86_201516_Tot_tot.pdf Graphic file (type pdf)
<use /ceph-data/lhcb_g/users/mcaporal/bspipi/out/AccSignal//plots/fitAcc/pdf/fi
tForAcc_bdpipi_pipi_GraNEW_0.86_201516_Tot_tot.pdf>
Package pdftex.def Info: /ceph-data/lhcb_g/users/mcaporal/bspipi/out/AccSignal/
/plots/fitAcc/pdf/fitForAcc_bdpipi_pipi_GraNEW_0.86_201516_Tot_tot.pdf  used on
 input line 44.
(pdftex.def)             Requested size: 133.16194pt x 133.3977pt.
</ceph-data/lhcb_g/users/mcaporal/bspipi/out/AccSignal//plots/fitAcc/pdf/fitFor
Acc_bspipi_pipi_GraNEW_0.86_201516_Tot_tot.pdf, id=67, 569.12625pt x 570.13pt>
File: /ceph-data/lhcb_g/users/mcaporal/bspipi/out/AccSignal//plots/fitAcc/pdf/f
itForAcc_bspipi_pipi_GraNEW_0.86_201516_Tot_tot.pdf Graphic file (type pdf)
<use /ceph-data/lhcb_g/users/mcaporal/bspipi/out/AccSignal//plots/fitAcc/pdf/fi
tForAcc_bspipi_pipi_GraNEW_0.86_201516_Tot_tot.pdf>
Package pdftex.def Info: /ceph-data/lhcb_g/users/mcaporal/bspipi/out/AccSignal/
/plots/fitAcc/pdf/fitForAcc_bspipi_pipi_GraNEW_0.86_201516_Tot_tot.pdf  used on
 input line 45.
(pdftex.def)             Requested size: 133.16194pt x 133.3977pt.
</ceph-data/lhcb_g/users/mcaporal/bspipi/out/AccSignal//plots/fitAcc/pdf/fitFor
Acc_bskpi_pipi_GraNEW_0.86_201516_Tot_tot.pdf, id=68, 569.12625pt x 570.13pt>
File: /ceph-data/lhcb_g/users/mcaporal/bspipi/out/AccSignal//plots/fitAcc/pdf/f
itForAcc_bskpi_pipi_GraNEW_0.86_201516_Tot_tot.pdf Graphic file (type pdf)
<use /ceph-data/lhcb_g/users/mcaporal/bspipi/out/AccSignal//plots/fitAcc/pdf/fi
tForAcc_bskpi_pipi_GraNEW_0.86_201516_Tot_tot.pdf>
Package pdftex.def Info: /ceph-data/lhcb_g/users/mcaporal/bspipi/out/AccSignal/
/plots/fitAcc/pdf/fitForAcc_bskpi_pipi_GraNEW_0.86_201516_Tot_tot.pdf  used on 
input line 46.
(pdftex.def)             Requested size: 133.16194pt x 133.3977pt.
</ceph-data/lhcb_g/users/mcaporal/bspipi/out/AccSignal//plots/fitAcc/pdf/fitFor
Acc_bdkpi_pipi_GraNEW_0.86_201516_Tot_tag.pdf, id=69, 569.12625pt x 570.13pt>
File: /ceph-data/lhcb_g/users/mcaporal/bspipi/out/AccSignal//plots/fitAcc/pdf/f
itForAcc_bdkpi_pipi_GraNEW_0.86_201516_Tot_tag.pdf Graphic file (type pdf)
<use /ceph-data/lhcb_g/users/mcaporal/bspipi/out/AccSignal//plots/fitAcc/pdf/fi
tForAcc_bdkpi_pipi_GraNEW_0.86_201516_Tot_tag.pdf>
Package pdftex.def Info: /ceph-data/lhcb_g/users/mcaporal/bspipi/out/AccSignal/
/plots/fitAcc/pdf/fitForAcc_bdkpi_pipi_GraNEW_0.86_201516_Tot_tag.pdf  used on 
input line 47.
(pdftex.def)             Requested size: 133.16194pt x 133.3977pt.
</ceph-data/lhcb_g/users/mcaporal/bspipi/out/AccSignal//plots/fitAcc/pdf/fitFor
Acc_bdpipi_pipi_GraNEW_0.86_201516_Tot_tag.pdf, id=70, 569.12625pt x 570.13pt>
File: /ceph-data/lhcb_g/users/mcaporal/bspipi/out/AccSignal//plots/fitAcc/pdf/f
itForAcc_bdpipi_pipi_GraNEW_0.86_201516_Tot_tag.pdf Graphic file (type pdf)
<use /ceph-data/lhcb_g/users/mcaporal/bspipi/out/AccSignal//plots/fitAcc/pdf/fi
tForAcc_bdpipi_pipi_GraNEW_0.86_201516_Tot_tag.pdf>
Package pdftex.def Info: /ceph-data/lhcb_g/users/mcaporal/bspipi/out/AccSignal/
/plots/fitAcc/pdf/fitForAcc_bdpipi_pipi_GraNEW_0.86_201516_Tot_tag.pdf  used on
 input line 48.
(pdftex.def)             Requested size: 133.16194pt x 133.3977pt.
</ceph-data/lhcb_g/users/mcaporal/bspipi/out/AccSignal//plots/fitAcc/pdf/fitFor
Acc_bspipi_pipi_GraNEW_0.86_201516_Tot_tag.pdf, id=71, 569.12625pt x 570.13pt>
File: /ceph-data/lhcb_g/users/mcaporal/bspipi/out/AccSignal//plots/fitAcc/pdf/f
itForAcc_bspipi_pipi_GraNEW_0.86_201516_Tot_tag.pdf Graphic file (type pdf)
<use /ceph-data/lhcb_g/users/mcaporal/bspipi/out/AccSignal//plots/fitAcc/pdf/fi
tForAcc_bspipi_pipi_GraNEW_0.86_201516_Tot_tag.pdf>
Package pdftex.def Info: /ceph-data/lhcb_g/users/mcaporal/bspipi/out/AccSignal/
/plots/fitAcc/pdf/fitForAcc_bspipi_pipi_GraNEW_0.86_201516_Tot_tag.pdf  used on
 input line 49.
(pdftex.def)             Requested size: 133.16194pt x 133.3977pt.
</ceph-data/lhcb_g/users/mcaporal/bspipi/out/AccSignal//plots/fitAcc/pdf/fitFor
Acc_bskpi_pipi_GraNEW_0.86_201516_Tot_tag.pdf, id=72, 569.12625pt x 570.13pt>
File: /ceph-data/lhcb_g/users/mcaporal/bspipi/out/AccSignal//plots/fitAcc/pdf/f
itForAcc_bskpi_pipi_GraNEW_0.86_201516_Tot_tag.pdf Graphic file (type pdf)
<use /ceph-data/lhcb_g/users/mcaporal/bspipi/out/AccSignal//plots/fitAcc/pdf/fi
tForAcc_bskpi_pipi_GraNEW_0.86_201516_Tot_tag.pdf>
Package pdftex.def Info: /ceph-data/lhcb_g/users/mcaporal/bspipi/out/AccSignal/
/plots/fitAcc/pdf/fitForAcc_bskpi_pipi_GraNEW_0.86_201516_Tot_tag.pdf  used on 
input line 50.
(pdftex.def)             Requested size: 133.16194pt x 133.3977pt.

LaTeX Warning: `!h' float specifier changed to `!ht'.

</ceph-data/lhcb_g/users/mcaporal/bspipi/out/AccSignal//plots/fitAcc/pdf/fitFor
Acc_bdkpi_kk_GraNEW_0.86_201516_Tot_tot.pdf, id=73, 569.12625pt x 570.13pt>
File: /ceph-data/lhcb_g/users/mcaporal/bspipi/out/AccSignal//plots/fitAcc/pdf/f
itForAcc_bdkpi_kk_GraNEW_0.86_201516_Tot_tot.pdf Graphic file (type pdf)
<use /ceph-data/lhcb_g/users/mcaporal/bspipi/out/AccSignal//plots/fitAcc/pdf/fi
tForAcc_bdkpi_kk_GraNEW_0.86_201516_Tot_tot.pdf>
Package pdftex.def Info: /ceph-data/lhcb_g/users/mcaporal/bspipi/out/AccSignal/
/plots/fitAcc/pdf/fitForAcc_bdkpi_kk_GraNEW_0.86_201516_Tot_tot.pdf  used on in
put line 57.
(pdftex.def)             Requested size: 133.16194pt x 133.3977pt.
</ceph-data/lhcb_g/users/mcaporal/bspipi/out/AccSignal//plots/fitAcc/pdf/fitFor
Acc_bdkk_kk_GraNEW_0.86_201516_Tot_tot.pdf, id=74, 569.12625pt x 570.13pt>
File: /ceph-data/lhcb_g/users/mcaporal/bspipi/out/AccSignal//plots/fitAcc/pdf/f
itForAcc_bdkk_kk_GraNEW_0.86_201516_Tot_tot.pdf Graphic file (type pdf)
<use /ceph-data/lhcb_g/users/mcaporal/bspipi/out/AccSignal//plots/fitAcc/pdf/fi
tForAcc_bdkk_kk_GraNEW_0.86_201516_Tot_tot.pdf>
Package pdftex.def Info: /ceph-data/lhcb_g/users/mcaporal/bspipi/out/AccSignal/
/plots/fitAcc/pdf/fitForAcc_bdkk_kk_GraNEW_0.86_201516_Tot_tot.pdf  used on inp
ut line 58.
(pdftex.def)             Requested size: 133.16194pt x 133.3977pt.
</ceph-data/lhcb_g/users/mcaporal/bspipi/out/AccSignal//plots/fitAcc/pdf/fitFor
Acc_bskk_kk_GraNEW_0.86_201516_Tot_tot.pdf, id=75, 569.12625pt x 570.13pt>
File: /ceph-data/lhcb_g/users/mcaporal/bspipi/out/AccSignal//plots/fitAcc/pdf/f
itForAcc_bskk_kk_GraNEW_0.86_201516_Tot_tot.pdf Graphic file (type pdf)
<use /ceph-data/lhcb_g/users/mcaporal/bspipi/out/AccSignal//plots/fitAcc/pdf/fi
tForAcc_bskk_kk_GraNEW_0.86_201516_Tot_tot.pdf>
Package pdftex.def Info: /ceph-data/lhcb_g/users/mcaporal/bspipi/out/AccSignal/
/plots/fitAcc/pdf/fitForAcc_bskk_kk_GraNEW_0.86_201516_Tot_tot.pdf  used on inp
ut line 59.
(pdftex.def)             Requested size: 133.16194pt x 133.3977pt.
</ceph-data/lhcb_g/users/mcaporal/bspipi/out/AccSignal//plots/fitAcc/pdf/fitFor
Acc_lbpk_kk_GraNEW_0.86_201516_Tot_tot.pdf, id=76, 569.12625pt x 570.13pt>
File: /ceph-data/lhcb_g/users/mcaporal/bspipi/out/AccSignal//plots/fitAcc/pdf/f
itForAcc_lbpk_kk_GraNEW_0.86_201516_Tot_tot.pdf Graphic file (type pdf)
<use /ceph-data/lhcb_g/users/mcaporal/bspipi/out/AccSignal//plots/fitAcc/pdf/fi
tForAcc_lbpk_kk_GraNEW_0.86_201516_Tot_tot.pdf>
Package pdftex.def Info: /ceph-data/lhcb_g/users/mcaporal/bspipi/out/AccSignal/
/plots/fitAcc/pdf/fitForAcc_lbpk_kk_GraNEW_0.86_201516_Tot_tot.pdf  used on inp
ut line 60.
(pdftex.def)             Requested size: 133.16194pt x 133.3977pt.
</ceph-data/lhcb_g/users/mcaporal/bspipi/out/AccSignal//plots/fitAcc/pdf/fitFor
Acc_bdkpi_kk_GraNEW_0.86_201516_Tot_tag.pdf, id=77, 569.12625pt x 570.13pt>
File: /ceph-data/lhcb_g/users/mcaporal/bspipi/out/AccSignal//plots/fitAcc/pdf/f
itForAcc_bdkpi_kk_GraNEW_0.86_201516_Tot_tag.pdf Graphic file (type pdf)
<use /ceph-data/lhcb_g/users/mcaporal/bspipi/out/AccSignal//plots/fitAcc/pdf/fi
tForAcc_bdkpi_kk_GraNEW_0.86_201516_Tot_tag.pdf>
Package pdftex.def Info: /ceph-data/lhcb_g/users/mcaporal/bspipi/out/AccSignal/
/plots/fitAcc/pdf/fitForAcc_bdkpi_kk_GraNEW_0.86_201516_Tot_tag.pdf  used on in
put line 61.
(pdftex.def)             Requested size: 133.16194pt x 133.3977pt.
</ceph-data/lhcb_g/users/mcaporal/bspipi/out/AccSignal//plots/fitAcc/pdf/fitFor
Acc_bdkk_kk_GraNEW_0.86_201516_Tot_tag.pdf, id=78, 569.12625pt x 570.13pt>
File: /ceph-data/lhcb_g/users/mcaporal/bspipi/out/AccSignal//plots/fitAcc/pdf/f
itForAcc_bdkk_kk_GraNEW_0.86_201516_Tot_tag.pdf Graphic file (type pdf)
<use /ceph-data/lhcb_g/users/mcaporal/bspipi/out/AccSignal//plots/fitAcc/pdf/fi
tForAcc_bdkk_kk_GraNEW_0.86_201516_Tot_tag.pdf>
Package pdftex.def Info: /ceph-data/lhcb_g/users/mcaporal/bspipi/out/AccSignal/
/plots/fitAcc/pdf/fitForAcc_bdkk_kk_GraNEW_0.86_201516_Tot_tag.pdf  used on inp
ut line 62.
(pdftex.def)             Requested size: 133.16194pt x 133.3977pt.
</ceph-data/lhcb_g/users/mcaporal/bspipi/out/AccSignal//plots/fitAcc/pdf/fitFor
Acc_bskk_kk_GraNEW_0.86_201516_Tot_tag.pdf, id=79, 569.12625pt x 570.13pt>
File: /ceph-data/lhcb_g/users/mcaporal/bspipi/out/AccSignal//plots/fitAcc/pdf/f
itForAcc_bskk_kk_GraNEW_0.86_201516_Tot_tag.pdf Graphic file (type pdf)
<use /ceph-data/lhcb_g/users/mcaporal/bspipi/out/AccSignal//plots/fitAcc/pdf/fi
tForAcc_bskk_kk_GraNEW_0.86_201516_Tot_tag.pdf>
Package pdftex.def Info: /ceph-data/lhcb_g/users/mcaporal/bspipi/out/AccSignal/
/plots/fitAcc/pdf/fitForAcc_bskk_kk_GraNEW_0.86_201516_Tot_tag.pdf  used on inp
ut line 63.
(pdftex.def)             Requested size: 133.16194pt x 133.3977pt.
</ceph-data/lhcb_g/users/mcaporal/bspipi/out/AccSignal//plots/fitAcc/pdf/fitFor
Acc_lbpk_kk_GraNEW_0.86_201516_Tot_tag.pdf, id=80, 569.12625pt x 570.13pt>
File: /ceph-data/lhcb_g/users/mcaporal/bspipi/out/AccSignal//plots/fitAcc/pdf/f
itForAcc_lbpk_kk_GraNEW_0.86_201516_Tot_tag.pdf Graphic file (type pdf)
<use /ceph-data/lhcb_g/users/mcaporal/bspipi/out/AccSignal//plots/fitAcc/pdf/fi
tForAcc_lbpk_kk_GraNEW_0.86_201516_Tot_tag.pdf>
Package pdftex.def Info: /ceph-data/lhcb_g/users/mcaporal/bspipi/out/AccSignal/
/plots/fitAcc/pdf/fitForAcc_lbpk_kk_GraNEW_0.86_201516_Tot_tag.pdf  used on inp
ut line 64.
(pdftex.def)             Requested size: 133.16194pt x 133.3977pt.

LaTeX Warning: `!h' float specifier changed to `!ht'.

[2

 </ceph-data/lhcb_g/users/mcaporal/bspipi/out/AccSignal//plots/fitAcc/pdf/fitFo
rAcc_Data_kpi_GraNEW_0.86_201516_Tot_tot.pdf> </ceph-data/lhcb_g/users/mcaporal
/bspipi/out/AccSignal//plots/fitAcc/pdf/fitForAcc_Data_kpi_GraNEW_0.86_201516_T
ot_tag.pdf> </ceph-data/lhcb_g/users/mcaporal/bspipi/out/AccSignal//plots/fitAc
c/pdf/fitForAcc_bdkpi_kpi_GraNEW_0.86_201516_Tot_tot.pdf> </ceph-data/lhcb_g/us
ers/mcaporal/bspipi/out/AccSignal//plots/fitAcc/pdf/fitForAcc_bdpipi_kpi_GraNEW
_0.86_201516_Tot_tot.pdf> </ceph-data/lhcb_g/users/mcaporal/bspipi/out/AccSigna
l//plots/fitAcc/pdf/fitForAcc_bskk_kpi_GraNEW_0.86_201516_Tot_tot.pdf> </ceph-d
ata/lhcb_g/users/mcaporal/bspipi/out/AccSignal//plots/fitAcc/pdf/fitForAcc_bskp
i_kpi_GraNEW_0.86_201516_Tot_tot.pdf> </ceph-data/lhcb_g/users/mcaporal/bspipi/
out/AccSignal//plots/fitAcc/pdf/fitForAcc_bdkpi_kpi_GraNEW_0.86_201516_Tot_tag.
pdf> </ceph-data/lhcb_g/users/mcaporal/bspipi/out/AccSignal//plots/fitAcc/pdf/f
itForAcc_bdpipi_kpi_GraNEW_0.86_201516_Tot_tag.pdf> </ceph-data/lhcb_g/users/mc
aporal/bspipi/out/AccSignal//plots/fitAcc/pdf/fitForAcc_bskk_kpi_GraNEW_0.86_20
1516_Tot_tag.pdf> </ceph-data/lhcb_g/users/mcaporal/bspipi/out/AccSignal//plots
/fitAcc/pdf/fitForAcc_bskpi_kpi_GraNEW_0.86_201516_Tot_tag.pdf>] [3 </ceph-data
/lhcb_g/users/mcaporal/bspipi/out/AccSignal//plots/fitAcc/pdf/fitForAcc_bdkpi_p
ipi_GraNEW_0.86_201516_Tot_tot.pdf> </ceph-data/lhcb_g/users/mcaporal/bspipi/ou
t/AccSignal//plots/fitAcc/pdf/fitForAcc_bdpipi_pipi_GraNEW_0.86_201516_Tot_tot.
pdf> </ceph-data/lhcb_g/users/mcaporal/bspipi/out/AccSignal//plots/fitAcc/pdf/f
itForAcc_bspipi_pipi_GraNEW_0.86_201516_Tot_tot.pdf> </ceph-data/lhcb_g/users/m
caporal/bspipi/out/AccSignal//plots/fitAcc/pdf/fitForAcc_bskpi_pipi_GraNEW_0.86
_201516_Tot_tot.pdf> </ceph-data/lhcb_g/users/mcaporal/bspipi/out/AccSignal//pl
ots/fitAcc/pdf/fitForAcc_bdkpi_pipi_GraNEW_0.86_201516_Tot_tag.pdf> </ceph-data
/lhcb_g/users/mcaporal/bspipi/out/AccSignal//plots/fitAcc/pdf/fitForAcc_bdpipi_
pipi_GraNEW_0.86_201516_Tot_tag.pdf> </ceph-data/lhcb_g/users/mcaporal/bspipi/o
ut/AccSignal//plots/fitAcc/pdf/fitForAcc_bspipi_pipi_GraNEW_0.86_201516_Tot_tag
.pdf> </ceph-data/lhcb_g/users/mcaporal/bspipi/out/AccSignal//plots/fitAcc/pdf/
fitForAcc_bskpi_pipi_GraNEW_0.86_201516_Tot_tag.pdf> </ceph-data/lhcb_g/users/m
caporal/bspipi/out/AccSignal//plots/fitAcc/pdf/fitForAcc_bdkpi_kk_GraNEW_0.86_2
01516_Tot_tot.pdf> </ceph-data/lhcb_g/users/mcaporal/bspipi/out/AccSignal//plot
s/fitAcc/pdf/fitForAcc_bdkk_kk_GraNEW_0.86_201516_Tot_tot.pdf> </ceph-data/lhcb
_g/users/mcaporal/bspipi/out/AccSignal//plots/fitAcc/pdf/fitForAcc_bskk_kk_GraN
EW_0.86_201516_Tot_tot.pdf> </ceph-data/lhcb_g/users/mcaporal/bspipi/out/AccSig
nal//plots/fitAcc/pdf/fitForAcc_lbpk_kk_GraNEW_0.86_201516_Tot_tot.pdf> </ceph-
data/lhcb_g/users/mcaporal/bspipi/out/AccSignal//plots/fitAcc/pdf/fitForAcc_bdk
pi_kk_GraNEW_0.86_201516_Tot_tag.pdf> </ceph-data/lhcb_g/users/mcaporal/bspipi/
out/AccSignal//plots/fitAcc/pdf/fitForAcc_bdkk_kk_GraNEW_0.86_201516_Tot_tag.pd
f> </ceph-data/lhcb_g/users/mcaporal/bspipi/out/AccSignal//plots/fitAcc/pdf/fit
ForAcc_bskk_kk_GraNEW_0.86_201516_Tot_tag.pdf> </ceph-data/lhcb_g/users/mcapora
l/bspipi/out/AccSignal//plots/fitAcc/pdf/fitForAcc_lbpk_kk_GraNEW_0.86_201516_T
ot_tag.pdf>]

Package hyperref Warning: Token not allowed in a PDF string (Unicode):
(hyperref)                removing `math shift' on input line 71.


Package hyperref Warning: Token not allowed in a PDF string (Unicode):
(hyperref)                removing `math shift' on input line 71.

</ceph-data/lhcb_g/users/mcaporal/bspipi/out/AccSignal//plots/fitAcc/pdf/fitFor
Acc_Data_kpi_GraNEW_0.86_2017s29r2p2_Tot_tot.pdf, id=1216, 569.12625pt x 570.13
pt>
File: /ceph-data/lhcb_g/users/mcaporal/bspipi/out/AccSignal//plots/fitAcc/pdf/f
itForAcc_Data_kpi_GraNEW_0.86_2017s29r2p2_Tot_tot.pdf Graphic file (type pdf)
<use /ceph-data/lhcb_g/users/mcaporal/bspipi/out/AccSignal//plots/fitAcc/pdf/fi
tForAcc_Data_kpi_GraNEW_0.86_2017s29r2p2_Tot_tot.pdf>
Package pdftex.def Info: /ceph-data/lhcb_g/users/mcaporal/bspipi/out/AccSignal/
/plots/fitAcc/pdf/fitForAcc_Data_kpi_GraNEW_0.86_2017s29r2p2_Tot_tot.pdf  used 
on input line 74.
(pdftex.def)             Requested size: 133.16194pt x 133.3977pt.
</ceph-data/lhcb_g/users/mcaporal/bspipi/out/AccSignal//plots/fitAcc/pdf/fitFor
Acc_Data_kpi_GraNEW_0.86_2017s29r2p2_Tot_tag.pdf, id=1217, 569.12625pt x 570.13
pt>
File: /ceph-data/lhcb_g/users/mcaporal/bspipi/out/AccSignal//plots/fitAcc/pdf/f
itForAcc_Data_kpi_GraNEW_0.86_2017s29r2p2_Tot_tag.pdf Graphic file (type pdf)
<use /ceph-data/lhcb_g/users/mcaporal/bspipi/out/AccSignal//plots/fitAcc/pdf/fi
tForAcc_Data_kpi_GraNEW_0.86_2017s29r2p2_Tot_tag.pdf>
Package pdftex.def Info: /ceph-data/lhcb_g/users/mcaporal/bspipi/out/AccSignal/
/plots/fitAcc/pdf/fitForAcc_Data_kpi_GraNEW_0.86_2017s29r2p2_Tot_tag.pdf  used 
on input line 75.
(pdftex.def)             Requested size: 133.16194pt x 133.3977pt.
</ceph-data/lhcb_g/users/mcaporal/bspipi/out/AccSignal//plots/fitAcc/pdf/fitFor
Acc_bdkpi_kpi_GraNEW_0.86_2017s29r2p2_Tot_tot.pdf, id=1218, 569.12625pt x 570.1
3pt>
File: /ceph-data/lhcb_g/users/mcaporal/bspipi/out/AccSignal//plots/fitAcc/pdf/f
itForAcc_bdkpi_kpi_GraNEW_0.86_2017s29r2p2_Tot_tot.pdf Graphic file (type pdf)
<use /ceph-data/lhcb_g/users/mcaporal/bspipi/out/AccSignal//plots/fitAcc/pdf/fi
tForAcc_bdkpi_kpi_GraNEW_0.86_2017s29r2p2_Tot_tot.pdf>
Package pdftex.def Info: /ceph-data/lhcb_g/users/mcaporal/bspipi/out/AccSignal/
/plots/fitAcc/pdf/fitForAcc_bdkpi_kpi_GraNEW_0.86_2017s29r2p2_Tot_tot.pdf  used
 on input line 82.
(pdftex.def)             Requested size: 133.16194pt x 133.3977pt.
</ceph-data/lhcb_g/users/mcaporal/bspipi/out/AccSignal//plots/fitAcc/pdf/fitFor
Acc_bdpipi_kpi_GraNEW_0.86_2017s29r2p2_Tot_tot.pdf, id=1219, 569.12625pt x 570.
13pt>
File: /ceph-data/lhcb_g/users/mcaporal/bspipi/out/AccSignal//plots/fitAcc/pdf/f
itForAcc_bdpipi_kpi_GraNEW_0.86_2017s29r2p2_Tot_tot.pdf Graphic file (type pdf)

<use /ceph-data/lhcb_g/users/mcaporal/bspipi/out/AccSignal//plots/fitAcc/pdf/fi
tForAcc_bdpipi_kpi_GraNEW_0.86_2017s29r2p2_Tot_tot.pdf>
Package pdftex.def Info: /ceph-data/lhcb_g/users/mcaporal/bspipi/out/AccSignal/
/plots/fitAcc/pdf/fitForAcc_bdpipi_kpi_GraNEW_0.86_2017s29r2p2_Tot_tot.pdf  use
d on input line 83.
(pdftex.def)             Requested size: 133.16194pt x 133.3977pt.
</ceph-data/lhcb_g/users/mcaporal/bspipi/out/AccSignal//plots/fitAcc/pdf/fitFor
Acc_bskk_kpi_GraNEW_0.86_2017s29r2p2_Tot_tot.pdf, id=1220, 569.12625pt x 570.13
pt>
File: /ceph-data/lhcb_g/users/mcaporal/bspipi/out/AccSignal//plots/fitAcc/pdf/f
itForAcc_bskk_kpi_GraNEW_0.86_2017s29r2p2_Tot_tot.pdf Graphic file (type pdf)
<use /ceph-data/lhcb_g/users/mcaporal/bspipi/out/AccSignal//plots/fitAcc/pdf/fi
tForAcc_bskk_kpi_GraNEW_0.86_2017s29r2p2_Tot_tot.pdf>
Package pdftex.def Info: /ceph-data/lhcb_g/users/mcaporal/bspipi/out/AccSignal/
/plots/fitAcc/pdf/fitForAcc_bskk_kpi_GraNEW_0.86_2017s29r2p2_Tot_tot.pdf  used 
on input line 84.
(pdftex.def)             Requested size: 133.16194pt x 133.3977pt.
</ceph-data/lhcb_g/users/mcaporal/bspipi/out/AccSignal//plots/fitAcc/pdf/fitFor
Acc_bskpi_kpi_GraNEW_0.86_2017s29r2p2_Tot_tot.pdf, id=1221, 569.12625pt x 570.1
3pt>
File: /ceph-data/lhcb_g/users/mcaporal/bspipi/out/AccSignal//plots/fitAcc/pdf/f
itForAcc_bskpi_kpi_GraNEW_0.86_2017s29r2p2_Tot_tot.pdf Graphic file (type pdf)
<use /ceph-data/lhcb_g/users/mcaporal/bspipi/out/AccSignal//plots/fitAcc/pdf/fi
tForAcc_bskpi_kpi_GraNEW_0.86_2017s29r2p2_Tot_tot.pdf>
Package pdftex.def Info: /ceph-data/lhcb_g/users/mcaporal/bspipi/out/AccSignal/
/plots/fitAcc/pdf/fitForAcc_bskpi_kpi_GraNEW_0.86_2017s29r2p2_Tot_tot.pdf  used
 on input line 85.
(pdftex.def)             Requested size: 133.16194pt x 133.3977pt.
</ceph-data/lhcb_g/users/mcaporal/bspipi/out/AccSignal//plots/fitAcc/pdf/fitFor
Acc_bdkpi_kpi_GraNEW_0.86_2017s29r2p2_Tot_tag.pdf, id=1222, 569.12625pt x 570.1
3pt>
File: /ceph-data/lhcb_g/users/mcaporal/bspipi/out/AccSignal//plots/fitAcc/pdf/f
itForAcc_bdkpi_kpi_GraNEW_0.86_2017s29r2p2_Tot_tag.pdf Graphic file (type pdf)
<use /ceph-data/lhcb_g/users/mcaporal/bspipi/out/AccSignal//plots/fitAcc/pdf/fi
tForAcc_bdkpi_kpi_GraNEW_0.86_2017s29r2p2_Tot_tag.pdf>
Package pdftex.def Info: /ceph-data/lhcb_g/users/mcaporal/bspipi/out/AccSignal/
/plots/fitAcc/pdf/fitForAcc_bdkpi_kpi_GraNEW_0.86_2017s29r2p2_Tot_tag.pdf  used
 on input line 86.
(pdftex.def)             Requested size: 133.16194pt x 133.3977pt.
</ceph-data/lhcb_g/users/mcaporal/bspipi/out/AccSignal//plots/fitAcc/pdf/fitFor
Acc_bdpipi_kpi_GraNEW_0.86_2017s29r2p2_Tot_tag.pdf, id=1223, 569.12625pt x 570.
13pt>
File: /ceph-data/lhcb_g/users/mcaporal/bspipi/out/AccSignal//plots/fitAcc/pdf/f
itForAcc_bdpipi_kpi_GraNEW_0.86_2017s29r2p2_Tot_tag.pdf Graphic file (type pdf)

<use /ceph-data/lhcb_g/users/mcaporal/bspipi/out/AccSignal//plots/fitAcc/pdf/fi
tForAcc_bdpipi_kpi_GraNEW_0.86_2017s29r2p2_Tot_tag.pdf>
Package pdftex.def Info: /ceph-data/lhcb_g/users/mcaporal/bspipi/out/AccSignal/
/plots/fitAcc/pdf/fitForAcc_bdpipi_kpi_GraNEW_0.86_2017s29r2p2_Tot_tag.pdf  use
d on input line 87.
(pdftex.def)             Requested size: 133.16194pt x 133.3977pt.
</ceph-data/lhcb_g/users/mcaporal/bspipi/out/AccSignal//plots/fitAcc/pdf/fitFor
Acc_bskk_kpi_GraNEW_0.86_2017s29r2p2_Tot_tag.pdf, id=1224, 569.12625pt x 570.13
pt>
File: /ceph-data/lhcb_g/users/mcaporal/bspipi/out/AccSignal//plots/fitAcc/pdf/f
itForAcc_bskk_kpi_GraNEW_0.86_2017s29r2p2_Tot_tag.pdf Graphic file (type pdf)
<use /ceph-data/lhcb_g/users/mcaporal/bspipi/out/AccSignal//plots/fitAcc/pdf/fi
tForAcc_bskk_kpi_GraNEW_0.86_2017s29r2p2_Tot_tag.pdf>
Package pdftex.def Info: /ceph-data/lhcb_g/users/mcaporal/bspipi/out/AccSignal/
/plots/fitAcc/pdf/fitForAcc_bskk_kpi_GraNEW_0.86_2017s29r2p2_Tot_tag.pdf  used 
on input line 88.
(pdftex.def)             Requested size: 133.16194pt x 133.3977pt.
</ceph-data/lhcb_g/users/mcaporal/bspipi/out/AccSignal//plots/fitAcc/pdf/fitFor
Acc_bskpi_kpi_GraNEW_0.86_2017s29r2p2_Tot_tag.pdf, id=1225, 569.12625pt x 570.1
3pt>
File: /ceph-data/lhcb_g/users/mcaporal/bspipi/out/AccSignal//plots/fitAcc/pdf/f
itForAcc_bskpi_kpi_GraNEW_0.86_2017s29r2p2_Tot_tag.pdf Graphic file (type pdf)
<use /ceph-data/lhcb_g/users/mcaporal/bspipi/out/AccSignal//plots/fitAcc/pdf/fi
tForAcc_bskpi_kpi_GraNEW_0.86_2017s29r2p2_Tot_tag.pdf>
Package pdftex.def Info: /ceph-data/lhcb_g/users/mcaporal/bspipi/out/AccSignal/
/plots/fitAcc/pdf/fitForAcc_bskpi_kpi_GraNEW_0.86_2017s29r2p2_Tot_tag.pdf  used
 on input line 89.
(pdftex.def)             Requested size: 133.16194pt x 133.3977pt.
</ceph-data/lhcb_g/users/mcaporal/bspipi/out/AccSignal//plots/fitAcc/pdf/fitFor
Acc_bdkpi_pipi_GraNEW_0.86_2017s29r2p2_Tot_tot.pdf, id=1226, 569.12625pt x 570.
13pt>
File: /ceph-data/lhcb_g/users/mcaporal/bspipi/out/AccSignal//plots/fitAcc/pdf/f
itForAcc_bdkpi_pipi_GraNEW_0.86_2017s29r2p2_Tot_tot.pdf Graphic file (type pdf)

<use /ceph-data/lhcb_g/users/mcaporal/bspipi/out/AccSignal//plots/fitAcc/pdf/fi
tForAcc_bdkpi_pipi_GraNEW_0.86_2017s29r2p2_Tot_tot.pdf>
Package pdftex.def Info: /ceph-data/lhcb_g/users/mcaporal/bspipi/out/AccSignal/
/plots/fitAcc/pdf/fitForAcc_bdkpi_pipi_GraNEW_0.86_2017s29r2p2_Tot_tot.pdf  use
d on input line 96.
(pdftex.def)             Requested size: 133.16194pt x 133.3977pt.
</ceph-data/lhcb_g/users/mcaporal/bspipi/out/AccSignal//plots/fitAcc/pdf/fitFor
Acc_bdpipi_pipi_GraNEW_0.86_2017s29r2p2_Tot_tot.pdf, id=1227, 569.12625pt x 570
.13pt>
File: /ceph-data/lhcb_g/users/mcaporal/bspipi/out/AccSignal//plots/fitAcc/pdf/f
itForAcc_bdpipi_pipi_GraNEW_0.86_2017s29r2p2_Tot_tot.pdf Graphic file (type pdf
)
<use /ceph-data/lhcb_g/users/mcaporal/bspipi/out/AccSignal//plots/fitAcc/pdf/fi
tForAcc_bdpipi_pipi_GraNEW_0.86_2017s29r2p2_Tot_tot.pdf>
Package pdftex.def Info: /ceph-data/lhcb_g/users/mcaporal/bspipi/out/AccSignal/
/plots/fitAcc/pdf/fitForAcc_bdpipi_pipi_GraNEW_0.86_2017s29r2p2_Tot_tot.pdf  us
ed on input line 97.
(pdftex.def)             Requested size: 133.16194pt x 133.3977pt.
</ceph-data/lhcb_g/users/mcaporal/bspipi/out/AccSignal//plots/fitAcc/pdf/fitFor
Acc_bspipi_pipi_GraNEW_0.86_2017s29r2p2_Tot_tot.pdf, id=1228, 569.12625pt x 570
.13pt>
File: /ceph-data/lhcb_g/users/mcaporal/bspipi/out/AccSignal//plots/fitAcc/pdf/f
itForAcc_bspipi_pipi_GraNEW_0.86_2017s29r2p2_Tot_tot.pdf Graphic file (type pdf
)
<use /ceph-data/lhcb_g/users/mcaporal/bspipi/out/AccSignal//plots/fitAcc/pdf/fi
tForAcc_bspipi_pipi_GraNEW_0.86_2017s29r2p2_Tot_tot.pdf>
Package pdftex.def Info: /ceph-data/lhcb_g/users/mcaporal/bspipi/out/AccSignal/
/plots/fitAcc/pdf/fitForAcc_bspipi_pipi_GraNEW_0.86_2017s29r2p2_Tot_tot.pdf  us
ed on input line 98.
(pdftex.def)             Requested size: 133.16194pt x 133.3977pt.
</ceph-data/lhcb_g/users/mcaporal/bspipi/out/AccSignal//plots/fitAcc/pdf/fitFor
Acc_bskpi_pipi_GraNEW_0.86_2017s29r2p2_Tot_tot.pdf, id=1229, 569.12625pt x 570.
13pt>
File: /ceph-data/lhcb_g/users/mcaporal/bspipi/out/AccSignal//plots/fitAcc/pdf/f
itForAcc_bskpi_pipi_GraNEW_0.86_2017s29r2p2_Tot_tot.pdf Graphic file (type pdf)

<use /ceph-data/lhcb_g/users/mcaporal/bspipi/out/AccSignal//plots/fitAcc/pdf/fi
tForAcc_bskpi_pipi_GraNEW_0.86_2017s29r2p2_Tot_tot.pdf>
Package pdftex.def Info: /ceph-data/lhcb_g/users/mcaporal/bspipi/out/AccSignal/
/plots/fitAcc/pdf/fitForAcc_bskpi_pipi_GraNEW_0.86_2017s29r2p2_Tot_tot.pdf  use
d on input line 99.
(pdftex.def)             Requested size: 133.16194pt x 133.3977pt.
</ceph-data/lhcb_g/users/mcaporal/bspipi/out/AccSignal//plots/fitAcc/pdf/fitFor
Acc_bdkpi_pipi_GraNEW_0.86_2017s29r2p2_Tot_tag.pdf, id=1230, 569.12625pt x 570.
13pt>
File: /ceph-data/lhcb_g/users/mcaporal/bspipi/out/AccSignal//plots/fitAcc/pdf/f
itForAcc_bdkpi_pipi_GraNEW_0.86_2017s29r2p2_Tot_tag.pdf Graphic file (type pdf)

<use /ceph-data/lhcb_g/users/mcaporal/bspipi/out/AccSignal//plots/fitAcc/pdf/fi
tForAcc_bdkpi_pipi_GraNEW_0.86_2017s29r2p2_Tot_tag.pdf>
Package pdftex.def Info: /ceph-data/lhcb_g/users/mcaporal/bspipi/out/AccSignal/
/plots/fitAcc/pdf/fitForAcc_bdkpi_pipi_GraNEW_0.86_2017s29r2p2_Tot_tag.pdf  use
d on input line 100.
(pdftex.def)             Requested size: 133.16194pt x 133.3977pt.
</ceph-data/lhcb_g/users/mcaporal/bspipi/out/AccSignal//plots/fitAcc/pdf/fitFor
Acc_bdpipi_pipi_GraNEW_0.86_2017s29r2p2_Tot_tag.pdf, id=1231, 569.12625pt x 570
.13pt>
File: /ceph-data/lhcb_g/users/mcaporal/bspipi/out/AccSignal//plots/fitAcc/pdf/f
itForAcc_bdpipi_pipi_GraNEW_0.86_2017s29r2p2_Tot_tag.pdf Graphic file (type pdf
)
<use /ceph-data/lhcb_g/users/mcaporal/bspipi/out/AccSignal//plots/fitAcc/pdf/fi
tForAcc_bdpipi_pipi_GraNEW_0.86_2017s29r2p2_Tot_tag.pdf>
Package pdftex.def Info: /ceph-data/lhcb_g/users/mcaporal/bspipi/out/AccSignal/
/plots/fitAcc/pdf/fitForAcc_bdpipi_pipi_GraNEW_0.86_2017s29r2p2_Tot_tag.pdf  us
ed on input line 101.
(pdftex.def)             Requested size: 133.16194pt x 133.3977pt.
</ceph-data/lhcb_g/users/mcaporal/bspipi/out/AccSignal//plots/fitAcc/pdf/fitFor
Acc_bspipi_pipi_GraNEW_0.86_2017s29r2p2_Tot_tag.pdf, id=1232, 569.12625pt x 570
.13pt>
File: /ceph-data/lhcb_g/users/mcaporal/bspipi/out/AccSignal//plots/fitAcc/pdf/f
itForAcc_bspipi_pipi_GraNEW_0.86_2017s29r2p2_Tot_tag.pdf Graphic file (type pdf
)
<use /ceph-data/lhcb_g/users/mcaporal/bspipi/out/AccSignal//plots/fitAcc/pdf/fi
tForAcc_bspipi_pipi_GraNEW_0.86_2017s29r2p2_Tot_tag.pdf>
Package pdftex.def Info: /ceph-data/lhcb_g/users/mcaporal/bspipi/out/AccSignal/
/plots/fitAcc/pdf/fitForAcc_bspipi_pipi_GraNEW_0.86_2017s29r2p2_Tot_tag.pdf  us
ed on input line 102.
(pdftex.def)             Requested size: 133.16194pt x 133.3977pt.
</ceph-data/lhcb_g/users/mcaporal/bspipi/out/AccSignal//plots/fitAcc/pdf/fitFor
Acc_bskpi_pipi_GraNEW_0.86_2017s29r2p2_Tot_tag.pdf, id=1233, 569.12625pt x 570.
13pt>
File: /ceph-data/lhcb_g/users/mcaporal/bspipi/out/AccSignal//plots/fitAcc/pdf/f
itForAcc_bskpi_pipi_GraNEW_0.86_2017s29r2p2_Tot_tag.pdf Graphic file (type pdf)

<use /ceph-data/lhcb_g/users/mcaporal/bspipi/out/AccSignal//plots/fitAcc/pdf/fi
tForAcc_bskpi_pipi_GraNEW_0.86_2017s29r2p2_Tot_tag.pdf>
Package pdftex.def Info: /ceph-data/lhcb_g/users/mcaporal/bspipi/out/AccSignal/
/plots/fitAcc/pdf/fitForAcc_bskpi_pipi_GraNEW_0.86_2017s29r2p2_Tot_tag.pdf  use
d on input line 103.
(pdftex.def)             Requested size: 133.16194pt x 133.3977pt.

LaTeX Warning: `!h' float specifier changed to `!ht'.

</ceph-data/lhcb_g/users/mcaporal/bspipi/out/AccSignal//plots/fitAcc/pdf/fitFor
Acc_bdkpi_kk_GraNEW_0.86_2017s29r2p2_Tot_tot.pdf, id=1234, 569.12625pt x 570.13
pt>
File: /ceph-data/lhcb_g/users/mcaporal/bspipi/out/AccSignal//plots/fitAcc/pdf/f
itForAcc_bdkpi_kk_GraNEW_0.86_2017s29r2p2_Tot_tot.pdf Graphic file (type pdf)
<use /ceph-data/lhcb_g/users/mcaporal/bspipi/out/AccSignal//plots/fitAcc/pdf/fi
tForAcc_bdkpi_kk_GraNEW_0.86_2017s29r2p2_Tot_tot.pdf>
Package pdftex.def Info: /ceph-data/lhcb_g/users/mcaporal/bspipi/out/AccSignal/
/plots/fitAcc/pdf/fitForAcc_bdkpi_kk_GraNEW_0.86_2017s29r2p2_Tot_tot.pdf  used 
on input line 110.
(pdftex.def)             Requested size: 133.16194pt x 133.3977pt.
</ceph-data/lhcb_g/users/mcaporal/bspipi/out/AccSignal//plots/fitAcc/pdf/fitFor
Acc_bdkk_kk_GraNEW_0.86_2017s29r2p2_Tot_tot.pdf, id=1235, 569.12625pt x 570.13p
t>
File: /ceph-data/lhcb_g/users/mcaporal/bspipi/out/AccSignal//plots/fitAcc/pdf/f
itForAcc_bdkk_kk_GraNEW_0.86_2017s29r2p2_Tot_tot.pdf Graphic file (type pdf)
<use /ceph-data/lhcb_g/users/mcaporal/bspipi/out/AccSignal//plots/fitAcc/pdf/fi
tForAcc_bdkk_kk_GraNEW_0.86_2017s29r2p2_Tot_tot.pdf>
Package pdftex.def Info: /ceph-data/lhcb_g/users/mcaporal/bspipi/out/AccSignal/
/plots/fitAcc/pdf/fitForAcc_bdkk_kk_GraNEW_0.86_2017s29r2p2_Tot_tot.pdf  used o
n input line 111.
(pdftex.def)             Requested size: 133.16194pt x 133.3977pt.
</ceph-data/lhcb_g/users/mcaporal/bspipi/out/AccSignal//plots/fitAcc/pdf/fitFor
Acc_bskk_kk_GraNEW_0.86_2017s29r2p2_Tot_tot.pdf, id=1236, 569.12625pt x 570.13p
t>
File: /ceph-data/lhcb_g/users/mcaporal/bspipi/out/AccSignal//plots/fitAcc/pdf/f
itForAcc_bskk_kk_GraNEW_0.86_2017s29r2p2_Tot_tot.pdf Graphic file (type pdf)
<use /ceph-data/lhcb_g/users/mcaporal/bspipi/out/AccSignal//plots/fitAcc/pdf/fi
tForAcc_bskk_kk_GraNEW_0.86_2017s29r2p2_Tot_tot.pdf>
Package pdftex.def Info: /ceph-data/lhcb_g/users/mcaporal/bspipi/out/AccSignal/
/plots/fitAcc/pdf/fitForAcc_bskk_kk_GraNEW_0.86_2017s29r2p2_Tot_tot.pdf  used o
n input line 112.
(pdftex.def)             Requested size: 133.16194pt x 133.3977pt.
</ceph-data/lhcb_g/users/mcaporal/bspipi/out/AccSignal//plots/fitAcc/pdf/fitFor
Acc_lbpk_kk_GraNEW_0.86_2017s29r2p2_Tot_tot.pdf, id=1237, 569.12625pt x 570.13p
t>
File: /ceph-data/lhcb_g/users/mcaporal/bspipi/out/AccSignal//plots/fitAcc/pdf/f
itForAcc_lbpk_kk_GraNEW_0.86_2017s29r2p2_Tot_tot.pdf Graphic file (type pdf)
<use /ceph-data/lhcb_g/users/mcaporal/bspipi/out/AccSignal//plots/fitAcc/pdf/fi
tForAcc_lbpk_kk_GraNEW_0.86_2017s29r2p2_Tot_tot.pdf>
Package pdftex.def Info: /ceph-data/lhcb_g/users/mcaporal/bspipi/out/AccSignal/
/plots/fitAcc/pdf/fitForAcc_lbpk_kk_GraNEW_0.86_2017s29r2p2_Tot_tot.pdf  used o
n input line 113.
(pdftex.def)             Requested size: 133.16194pt x 133.3977pt.
</ceph-data/lhcb_g/users/mcaporal/bspipi/out/AccSignal//plots/fitAcc/pdf/fitFor
Acc_bdkpi_kk_GraNEW_0.86_2017s29r2p2_Tot_tag.pdf, id=1238, 569.12625pt x 570.13
pt>
File: /ceph-data/lhcb_g/users/mcaporal/bspipi/out/AccSignal//plots/fitAcc/pdf/f
itForAcc_bdkpi_kk_GraNEW_0.86_2017s29r2p2_Tot_tag.pdf Graphic file (type pdf)
<use /ceph-data/lhcb_g/users/mcaporal/bspipi/out/AccSignal//plots/fitAcc/pdf/fi
tForAcc_bdkpi_kk_GraNEW_0.86_2017s29r2p2_Tot_tag.pdf>
Package pdftex.def Info: /ceph-data/lhcb_g/users/mcaporal/bspipi/out/AccSignal/
/plots/fitAcc/pdf/fitForAcc_bdkpi_kk_GraNEW_0.86_2017s29r2p2_Tot_tag.pdf  used 
on input line 114.
(pdftex.def)             Requested size: 133.16194pt x 133.3977pt.
</ceph-data/lhcb_g/users/mcaporal/bspipi/out/AccSignal//plots/fitAcc/pdf/fitFor
Acc_bdkk_kk_GraNEW_0.86_2017s29r2p2_Tot_tag.pdf, id=1239, 569.12625pt x 570.13p
t>
File: /ceph-data/lhcb_g/users/mcaporal/bspipi/out/AccSignal//plots/fitAcc/pdf/f
itForAcc_bdkk_kk_GraNEW_0.86_2017s29r2p2_Tot_tag.pdf Graphic file (type pdf)
<use /ceph-data/lhcb_g/users/mcaporal/bspipi/out/AccSignal//plots/fitAcc/pdf/fi
tForAcc_bdkk_kk_GraNEW_0.86_2017s29r2p2_Tot_tag.pdf>
Package pdftex.def Info: /ceph-data/lhcb_g/users/mcaporal/bspipi/out/AccSignal/
/plots/fitAcc/pdf/fitForAcc_bdkk_kk_GraNEW_0.86_2017s29r2p2_Tot_tag.pdf  used o
n input line 115.
(pdftex.def)             Requested size: 133.16194pt x 133.3977pt.
</ceph-data/lhcb_g/users/mcaporal/bspipi/out/AccSignal//plots/fitAcc/pdf/fitFor
Acc_bskk_kk_GraNEW_0.86_2017s29r2p2_Tot_tag.pdf, id=1240, 569.12625pt x 570.13p
t>
File: /ceph-data/lhcb_g/users/mcaporal/bspipi/out/AccSignal//plots/fitAcc/pdf/f
itForAcc_bskk_kk_GraNEW_0.86_2017s29r2p2_Tot_tag.pdf Graphic file (type pdf)
<use /ceph-data/lhcb_g/users/mcaporal/bspipi/out/AccSignal//plots/fitAcc/pdf/fi
tForAcc_bskk_kk_GraNEW_0.86_2017s29r2p2_Tot_tag.pdf>
Package pdftex.def Info: /ceph-data/lhcb_g/users/mcaporal/bspipi/out/AccSignal/
/plots/fitAcc/pdf/fitForAcc_bskk_kk_GraNEW_0.86_2017s29r2p2_Tot_tag.pdf  used o
n input line 116.
(pdftex.def)             Requested size: 133.16194pt x 133.3977pt.
</ceph-data/lhcb_g/users/mcaporal/bspipi/out/AccSignal//plots/fitAcc/pdf/fitFor
Acc_lbpk_kk_GraNEW_0.86_2017s29r2p2_Tot_tag.pdf, id=1241, 569.12625pt x 570.13p
t>
File: /ceph-data/lhcb_g/users/mcaporal/bspipi/out/AccSignal//plots/fitAcc/pdf/f
itForAcc_lbpk_kk_GraNEW_0.86_2017s29r2p2_Tot_tag.pdf Graphic file (type pdf)
<use /ceph-data/lhcb_g/users/mcaporal/bspipi/out/AccSignal//plots/fitAcc/pdf/fi
tForAcc_lbpk_kk_GraNEW_0.86_2017s29r2p2_Tot_tag.pdf>
Package pdftex.def Info: /ceph-data/lhcb_g/users/mcaporal/bspipi/out/AccSignal/
/plots/fitAcc/pdf/fitForAcc_lbpk_kk_GraNEW_0.86_2017s29r2p2_Tot_tag.pdf  used o
n input line 117.
(pdftex.def)             Requested size: 133.16194pt x 133.3977pt.

LaTeX Warning: `!h' float specifier changed to `!ht'.

[4

 </ceph-data/lhcb_g/users/mcaporal/bspipi/out/AccSignal//plots/fitAcc/pdf/fitFo
rAcc_Data_kpi_GraNEW_0.86_2017s29r2p2_Tot_tot.pdf> </ceph-data/lhcb_g/users/mca
poral/bspipi/out/AccSignal//plots/fitAcc/pdf/fitForAcc_Data_kpi_GraNEW_0.86_201
7s29r2p2_Tot_tag.pdf> </ceph-data/lhcb_g/users/mcaporal/bspipi/out/AccSignal//p
lots/fitAcc/pdf/fitForAcc_bdkpi_kpi_GraNEW_0.86_2017s29r2p2_Tot_tot.pdf> </ceph
-data/lhcb_g/users/mcaporal/bspipi/out/AccSignal//plots/fitAcc/pdf/fitForAcc_bd
pipi_kpi_GraNEW_0.86_2017s29r2p2_Tot_tot.pdf> </ceph-data/lhcb_g/users/mcaporal
/bspipi/out/AccSignal//plots/fitAcc/pdf/fitForAcc_bskk_kpi_GraNEW_0.86_2017s29r
2p2_Tot_tot.pdf> </ceph-data/lhcb_g/users/mcaporal/bspipi/out/AccSignal//plots/
fitAcc/pdf/fitForAcc_bskpi_kpi_GraNEW_0.86_2017s29r2p2_Tot_tot.pdf> </ceph-data
/lhcb_g/users/mcaporal/bspipi/out/AccSignal//plots/fitAcc/pdf/fitForAcc_bdkpi_k
pi_GraNEW_0.86_2017s29r2p2_Tot_tag.pdf> </ceph-data/lhcb_g/users/mcaporal/bspip
i/out/AccSignal//plots/fitAcc/pdf/fitForAcc_bdpipi_kpi_GraNEW_0.86_2017s29r2p2_
Tot_tag.pdf> </ceph-data/lhcb_g/users/mcaporal/bspipi/out/AccSignal//plots/fitA
cc/pdf/fitForAcc_bskk_kpi_GraNEW_0.86_2017s29r2p2_Tot_tag.pdf> </ceph-data/lhcb
_g/users/mcaporal/bspipi/out/AccSignal//plots/fitAcc/pdf/fitForAcc_bskpi_kpi_Gr
aNEW_0.86_2017s29r2p2_Tot_tag.pdf>] [5 </ceph-data/lhcb_g/users/mcaporal/bspipi
/out/AccSignal//plots/fitAcc/pdf/fitForAcc_bdkpi_pipi_GraNEW_0.86_2017s29r2p2_T
ot_tot.pdf> </ceph-data/lhcb_g/users/mcaporal/bspipi/out/AccSignal//plots/fitAc
c/pdf/fitForAcc_bdpipi_pipi_GraNEW_0.86_2017s29r2p2_Tot_tot.pdf> </ceph-data/lh
cb_g/users/mcaporal/bspipi/out/AccSignal//plots/fitAcc/pdf/fitForAcc_bspipi_pip
i_GraNEW_0.86_2017s29r2p2_Tot_tot.pdf> </ceph-data/lhcb_g/users/mcaporal/bspipi
/out/AccSignal//plots/fitAcc/pdf/fitForAcc_bskpi_pipi_GraNEW_0.86_2017s29r2p2_T
ot_tot.pdf> </ceph-data/lhcb_g/users/mcaporal/bspipi/out/AccSignal//plots/fitAc
c/pdf/fitForAcc_bdkpi_pipi_GraNEW_0.86_2017s29r2p2_Tot_tag.pdf> </ceph-data/lhc
b_g/users/mcaporal/bspipi/out/AccSignal//plots/fitAcc/pdf/fitForAcc_bdpipi_pipi
_GraNEW_0.86_2017s29r2p2_Tot_tag.pdf> </ceph-data/lhcb_g/users/mcaporal/bspipi/
out/AccSignal//plots/fitAcc/pdf/fitForAcc_bspipi_pipi_GraNEW_0.86_2017s29r2p2_T
ot_tag.pdf> </ceph-data/lhcb_g/users/mcaporal/bspipi/out/AccSignal//plots/fitAc
c/pdf/fitForAcc_bskpi_pipi_GraNEW_0.86_2017s29r2p2_Tot_tag.pdf> </ceph-data/lhc
b_g/users/mcaporal/bspipi/out/AccSignal//plots/fitAcc/pdf/fitForAcc_bdkpi_kk_Gr
aNEW_0.86_2017s29r2p2_Tot_tot.pdf> </ceph-data/lhcb_g/users/mcaporal/bspipi/out
/AccSignal//plots/fitAcc/pdf/fitForAcc_bdkk_kk_GraNEW_0.86_2017s29r2p2_Tot_tot.
pdf> </ceph-data/lhcb_g/users/mcaporal/bspipi/out/AccSignal//plots/fitAcc/pdf/f
itForAcc_bskk_kk_GraNEW_0.86_2017s29r2p2_Tot_tot.pdf> </ceph-data/lhcb_g/users/
mcaporal/bspipi/out/AccSignal//plots/fitAcc/pdf/fitForAcc_lbpk_kk_GraNEW_0.86_2
017s29r2p2_Tot_tot.pdf> </ceph-data/lhcb_g/users/mcaporal/bspipi/out/AccSignal/
/plots/fitAcc/pdf/fitForAcc_bdkpi_kk_GraNEW_0.86_2017s29r2p2_Tot_tag.pdf> </cep
h-data/lhcb_g/users/mcaporal/bspipi/out/AccSignal//plots/fitAcc/pdf/fitForAcc_b
dkk_kk_GraNEW_0.86_2017s29r2p2_Tot_tag.pdf> </ceph-data/lhcb_g/users/mcaporal/b
spipi/out/AccSignal//plots/fitAcc/pdf/fitForAcc_bskk_kk_GraNEW_0.86_2017s29r2p2
_Tot_tag.pdf> </ceph-data/lhcb_g/users/mcaporal/bspipi/out/AccSignal//plots/fit
Acc/pdf/fitForAcc_lbpk_kk_GraNEW_0.86_2017s29r2p2_Tot_tag.pdf>]

Package hyperref Warning: Token not allowed in a PDF string (Unicode):
(hyperref)                removing `math shift' on input line 124.


Package hyperref Warning: Token not allowed in a PDF string (Unicode):
(hyperref)                removing `math shift' on input line 124.

</ceph-data/lhcb_g/users/mcaporal/bspipi/out/AccSignal//plots/fitAcc/pdf/fitFor
Acc_Data_kpi_GraNEW_0.86_2018_Tot_tot.pdf, id=2376, 569.12625pt x 570.13pt>
File: /ceph-data/lhcb_g/users/mcaporal/bspipi/out/AccSignal//plots/fitAcc/pdf/f
itForAcc_Data_kpi_GraNEW_0.86_2018_Tot_tot.pdf Graphic file (type pdf)
<use /ceph-data/lhcb_g/users/mcaporal/bspipi/out/AccSignal//plots/fitAcc/pdf/fi
tForAcc_Data_kpi_GraNEW_0.86_2018_Tot_tot.pdf>
Package pdftex.def Info: /ceph-data/lhcb_g/users/mcaporal/bspipi/out/AccSignal/
/plots/fitAcc/pdf/fitForAcc_Data_kpi_GraNEW_0.86_2018_Tot_tot.pdf  used on inpu
t line 127.
(pdftex.def)             Requested size: 133.16194pt x 133.3977pt.
</ceph-data/lhcb_g/users/mcaporal/bspipi/out/AccSignal//plots/fitAcc/pdf/fitFor
Acc_Data_kpi_GraNEW_0.86_2018_Tot_tag.pdf, id=2377, 569.12625pt x 570.13pt>
File: /ceph-data/lhcb_g/users/mcaporal/bspipi/out/AccSignal//plots/fitAcc/pdf/f
itForAcc_Data_kpi_GraNEW_0.86_2018_Tot_tag.pdf Graphic file (type pdf)
<use /ceph-data/lhcb_g/users/mcaporal/bspipi/out/AccSignal//plots/fitAcc/pdf/fi
tForAcc_Data_kpi_GraNEW_0.86_2018_Tot_tag.pdf>
Package pdftex.def Info: /ceph-data/lhcb_g/users/mcaporal/bspipi/out/AccSignal/
/plots/fitAcc/pdf/fitForAcc_Data_kpi_GraNEW_0.86_2018_Tot_tag.pdf  used on inpu
t line 128.
(pdftex.def)             Requested size: 133.16194pt x 133.3977pt.
</ceph-data/lhcb_g/users/mcaporal/bspipi/out/AccSignal//plots/fitAcc/pdf/fitFor
Acc_bdkpi_kpi_GraNEW_0.86_2018_Tot_tot.pdf, id=2378, 569.12625pt x 570.13pt>
File: /ceph-data/lhcb_g/users/mcaporal/bspipi/out/AccSignal//plots/fitAcc/pdf/f
itForAcc_bdkpi_kpi_GraNEW_0.86_2018_Tot_tot.pdf Graphic file (type pdf)
<use /ceph-data/lhcb_g/users/mcaporal/bspipi/out/AccSignal//plots/fitAcc/pdf/fi
tForAcc_bdkpi_kpi_GraNEW_0.86_2018_Tot_tot.pdf>
Package pdftex.def Info: /ceph-data/lhcb_g/users/mcaporal/bspipi/out/AccSignal/
/plots/fitAcc/pdf/fitForAcc_bdkpi_kpi_GraNEW_0.86_2018_Tot_tot.pdf  used on inp
ut line 135.
(pdftex.def)             Requested size: 133.16194pt x 133.3977pt.
</ceph-data/lhcb_g/users/mcaporal/bspipi/out/AccSignal//plots/fitAcc/pdf/fitFor
Acc_bdpipi_kpi_GraNEW_0.86_2018_Tot_tot.pdf, id=2379, 569.12625pt x 570.13pt>
File: /ceph-data/lhcb_g/users/mcaporal/bspipi/out/AccSignal//plots/fitAcc/pdf/f
itForAcc_bdpipi_kpi_GraNEW_0.86_2018_Tot_tot.pdf Graphic file (type pdf)
<use /ceph-data/lhcb_g/users/mcaporal/bspipi/out/AccSignal//plots/fitAcc/pdf/fi
tForAcc_bdpipi_kpi_GraNEW_0.86_2018_Tot_tot.pdf>
Package pdftex.def Info: /ceph-data/lhcb_g/users/mcaporal/bspipi/out/AccSignal/
/plots/fitAcc/pdf/fitForAcc_bdpipi_kpi_GraNEW_0.86_2018_Tot_tot.pdf  used on in
put line 136.
(pdftex.def)             Requested size: 133.16194pt x 133.3977pt.
</ceph-data/lhcb_g/users/mcaporal/bspipi/out/AccSignal//plots/fitAcc/pdf/fitFor
Acc_bskk_kpi_GraNEW_0.86_2018_Tot_tot.pdf, id=2380, 569.12625pt x 570.13pt>
File: /ceph-data/lhcb_g/users/mcaporal/bspipi/out/AccSignal//plots/fitAcc/pdf/f
itForAcc_bskk_kpi_GraNEW_0.86_2018_Tot_tot.pdf Graphic file (type pdf)
<use /ceph-data/lhcb_g/users/mcaporal/bspipi/out/AccSignal//plots/fitAcc/pdf/fi
tForAcc_bskk_kpi_GraNEW_0.86_2018_Tot_tot.pdf>
Package pdftex.def Info: /ceph-data/lhcb_g/users/mcaporal/bspipi/out/AccSignal/
/plots/fitAcc/pdf/fitForAcc_bskk_kpi_GraNEW_0.86_2018_Tot_tot.pdf  used on inpu
t line 137.
(pdftex.def)             Requested size: 133.16194pt x 133.3977pt.
</ceph-data/lhcb_g/users/mcaporal/bspipi/out/AccSignal//plots/fitAcc/pdf/fitFor
Acc_bskpi_kpi_GraNEW_0.86_2018_Tot_tot.pdf, id=2381, 569.12625pt x 570.13pt>
File: /ceph-data/lhcb_g/users/mcaporal/bspipi/out/AccSignal//plots/fitAcc/pdf/f
itForAcc_bskpi_kpi_GraNEW_0.86_2018_Tot_tot.pdf Graphic file (type pdf)
<use /ceph-data/lhcb_g/users/mcaporal/bspipi/out/AccSignal//plots/fitAcc/pdf/fi
tForAcc_bskpi_kpi_GraNEW_0.86_2018_Tot_tot.pdf>
Package pdftex.def Info: /ceph-data/lhcb_g/users/mcaporal/bspipi/out/AccSignal/
/plots/fitAcc/pdf/fitForAcc_bskpi_kpi_GraNEW_0.86_2018_Tot_tot.pdf  used on inp
ut line 138.
(pdftex.def)             Requested size: 133.16194pt x 133.3977pt.
</ceph-data/lhcb_g/users/mcaporal/bspipi/out/AccSignal//plots/fitAcc/pdf/fitFor
Acc_bdkpi_kpi_GraNEW_0.86_2018_Tot_tag.pdf, id=2382, 569.12625pt x 570.13pt>
File: /ceph-data/lhcb_g/users/mcaporal/bspipi/out/AccSignal//plots/fitAcc/pdf/f
itForAcc_bdkpi_kpi_GraNEW_0.86_2018_Tot_tag.pdf Graphic file (type pdf)
<use /ceph-data/lhcb_g/users/mcaporal/bspipi/out/AccSignal//plots/fitAcc/pdf/fi
tForAcc_bdkpi_kpi_GraNEW_0.86_2018_Tot_tag.pdf>
Package pdftex.def Info: /ceph-data/lhcb_g/users/mcaporal/bspipi/out/AccSignal/
/plots/fitAcc/pdf/fitForAcc_bdkpi_kpi_GraNEW_0.86_2018_Tot_tag.pdf  used on inp
ut line 139.
(pdftex.def)             Requested size: 133.16194pt x 133.3977pt.
</ceph-data/lhcb_g/users/mcaporal/bspipi/out/AccSignal//plots/fitAcc/pdf/fitFor
Acc_bdpipi_kpi_GraNEW_0.86_2018_Tot_tag.pdf, id=2383, 569.12625pt x 570.13pt>
File: /ceph-data/lhcb_g/users/mcaporal/bspipi/out/AccSignal//plots/fitAcc/pdf/f
itForAcc_bdpipi_kpi_GraNEW_0.86_2018_Tot_tag.pdf Graphic file (type pdf)
<use /ceph-data/lhcb_g/users/mcaporal/bspipi/out/AccSignal//plots/fitAcc/pdf/fi
tForAcc_bdpipi_kpi_GraNEW_0.86_2018_Tot_tag.pdf>
Package pdftex.def Info: /ceph-data/lhcb_g/users/mcaporal/bspipi/out/AccSignal/
/plots/fitAcc/pdf/fitForAcc_bdpipi_kpi_GraNEW_0.86_2018_Tot_tag.pdf  used on in
put line 140.
(pdftex.def)             Requested size: 133.16194pt x 133.3977pt.
</ceph-data/lhcb_g/users/mcaporal/bspipi/out/AccSignal//plots/fitAcc/pdf/fitFor
Acc_bskk_kpi_GraNEW_0.86_2018_Tot_tag.pdf, id=2384, 569.12625pt x 570.13pt>
File: /ceph-data/lhcb_g/users/mcaporal/bspipi/out/AccSignal//plots/fitAcc/pdf/f
itForAcc_bskk_kpi_GraNEW_0.86_2018_Tot_tag.pdf Graphic file (type pdf)
<use /ceph-data/lhcb_g/users/mcaporal/bspipi/out/AccSignal//plots/fitAcc/pdf/fi
tForAcc_bskk_kpi_GraNEW_0.86_2018_Tot_tag.pdf>
Package pdftex.def Info: /ceph-data/lhcb_g/users/mcaporal/bspipi/out/AccSignal/
/plots/fitAcc/pdf/fitForAcc_bskk_kpi_GraNEW_0.86_2018_Tot_tag.pdf  used on inpu
t line 141.
(pdftex.def)             Requested size: 133.16194pt x 133.3977pt.
</ceph-data/lhcb_g/users/mcaporal/bspipi/out/AccSignal//plots/fitAcc/pdf/fitFor
Acc_bskpi_kpi_GraNEW_0.86_2018_Tot_tag.pdf, id=2385, 569.12625pt x 570.13pt>
File: /ceph-data/lhcb_g/users/mcaporal/bspipi/out/AccSignal//plots/fitAcc/pdf/f
itForAcc_bskpi_kpi_GraNEW_0.86_2018_Tot_tag.pdf Graphic file (type pdf)
<use /ceph-data/lhcb_g/users/mcaporal/bspipi/out/AccSignal//plots/fitAcc/pdf/fi
tForAcc_bskpi_kpi_GraNEW_0.86_2018_Tot_tag.pdf>
Package pdftex.def Info: /ceph-data/lhcb_g/users/mcaporal/bspipi/out/AccSignal/
/plots/fitAcc/pdf/fitForAcc_bskpi_kpi_GraNEW_0.86_2018_Tot_tag.pdf  used on inp
ut line 142.
(pdftex.def)             Requested size: 133.16194pt x 133.3977pt.
</ceph-data/lhcb_g/users/mcaporal/bspipi/out/AccSignal//plots/fitAcc/pdf/fitFor
Acc_bdkpi_pipi_GraNEW_0.86_2018_Tot_tot.pdf, id=2386, 569.12625pt x 570.13pt>
File: /ceph-data/lhcb_g/users/mcaporal/bspipi/out/AccSignal//plots/fitAcc/pdf/f
itForAcc_bdkpi_pipi_GraNEW_0.86_2018_Tot_tot.pdf Graphic file (type pdf)
<use /ceph-data/lhcb_g/users/mcaporal/bspipi/out/AccSignal//plots/fitAcc/pdf/fi
tForAcc_bdkpi_pipi_GraNEW_0.86_2018_Tot_tot.pdf>
Package pdftex.def Info: /ceph-data/lhcb_g/users/mcaporal/bspipi/out/AccSignal/
/plots/fitAcc/pdf/fitForAcc_bdkpi_pipi_GraNEW_0.86_2018_Tot_tot.pdf  used on in
put line 149.
(pdftex.def)             Requested size: 133.16194pt x 133.3977pt.
</ceph-data/lhcb_g/users/mcaporal/bspipi/out/AccSignal//plots/fitAcc/pdf/fitFor
Acc_bdpipi_pipi_GraNEW_0.86_2018_Tot_tot.pdf, id=2387, 569.12625pt x 570.13pt>
File: /ceph-data/lhcb_g/users/mcaporal/bspipi/out/AccSignal//plots/fitAcc/pdf/f
itForAcc_bdpipi_pipi_GraNEW_0.86_2018_Tot_tot.pdf Graphic file (type pdf)
<use /ceph-data/lhcb_g/users/mcaporal/bspipi/out/AccSignal//plots/fitAcc/pdf/fi
tForAcc_bdpipi_pipi_GraNEW_0.86_2018_Tot_tot.pdf>
Package pdftex.def Info: /ceph-data/lhcb_g/users/mcaporal/bspipi/out/AccSignal/
/plots/fitAcc/pdf/fitForAcc_bdpipi_pipi_GraNEW_0.86_2018_Tot_tot.pdf  used on i
nput line 150.
(pdftex.def)             Requested size: 133.16194pt x 133.3977pt.
</ceph-data/lhcb_g/users/mcaporal/bspipi/out/AccSignal//plots/fitAcc/pdf/fitFor
Acc_bspipi_pipi_GraNEW_0.86_2018_Tot_tot.pdf, id=2388, 569.12625pt x 570.13pt>
File: /ceph-data/lhcb_g/users/mcaporal/bspipi/out/AccSignal//plots/fitAcc/pdf/f
itForAcc_bspipi_pipi_GraNEW_0.86_2018_Tot_tot.pdf Graphic file (type pdf)
<use /ceph-data/lhcb_g/users/mcaporal/bspipi/out/AccSignal//plots/fitAcc/pdf/fi
tForAcc_bspipi_pipi_GraNEW_0.86_2018_Tot_tot.pdf>
Package pdftex.def Info: /ceph-data/lhcb_g/users/mcaporal/bspipi/out/AccSignal/
/plots/fitAcc/pdf/fitForAcc_bspipi_pipi_GraNEW_0.86_2018_Tot_tot.pdf  used on i
nput line 151.
(pdftex.def)             Requested size: 133.16194pt x 133.3977pt.
</ceph-data/lhcb_g/users/mcaporal/bspipi/out/AccSignal//plots/fitAcc/pdf/fitFor
Acc_bskpi_pipi_GraNEW_0.86_2018_Tot_tot.pdf, id=2389, 569.12625pt x 570.13pt>
File: /ceph-data/lhcb_g/users/mcaporal/bspipi/out/AccSignal//plots/fitAcc/pdf/f
itForAcc_bskpi_pipi_GraNEW_0.86_2018_Tot_tot.pdf Graphic file (type pdf)
<use /ceph-data/lhcb_g/users/mcaporal/bspipi/out/AccSignal//plots/fitAcc/pdf/fi
tForAcc_bskpi_pipi_GraNEW_0.86_2018_Tot_tot.pdf>
Package pdftex.def Info: /ceph-data/lhcb_g/users/mcaporal/bspipi/out/AccSignal/
/plots/fitAcc/pdf/fitForAcc_bskpi_pipi_GraNEW_0.86_2018_Tot_tot.pdf  used on in
put line 152.
(pdftex.def)             Requested size: 133.16194pt x 133.3977pt.
</ceph-data/lhcb_g/users/mcaporal/bspipi/out/AccSignal//plots/fitAcc/pdf/fitFor
Acc_bdkpi_pipi_GraNEW_0.86_2018_Tot_tag.pdf, id=2390, 569.12625pt x 570.13pt>
File: /ceph-data/lhcb_g/users/mcaporal/bspipi/out/AccSignal//plots/fitAcc/pdf/f
itForAcc_bdkpi_pipi_GraNEW_0.86_2018_Tot_tag.pdf Graphic file (type pdf)
<use /ceph-data/lhcb_g/users/mcaporal/bspipi/out/AccSignal//plots/fitAcc/pdf/fi
tForAcc_bdkpi_pipi_GraNEW_0.86_2018_Tot_tag.pdf>
Package pdftex.def Info: /ceph-data/lhcb_g/users/mcaporal/bspipi/out/AccSignal/
/plots/fitAcc/pdf/fitForAcc_bdkpi_pipi_GraNEW_0.86_2018_Tot_tag.pdf  used on in
put line 153.
(pdftex.def)             Requested size: 133.16194pt x 133.3977pt.
</ceph-data/lhcb_g/users/mcaporal/bspipi/out/AccSignal//plots/fitAcc/pdf/fitFor
Acc_bdpipi_pipi_GraNEW_0.86_2018_Tot_tag.pdf, id=2391, 569.12625pt x 570.13pt>
File: /ceph-data/lhcb_g/users/mcaporal/bspipi/out/AccSignal//plots/fitAcc/pdf/f
itForAcc_bdpipi_pipi_GraNEW_0.86_2018_Tot_tag.pdf Graphic file (type pdf)
<use /ceph-data/lhcb_g/users/mcaporal/bspipi/out/AccSignal//plots/fitAcc/pdf/fi
tForAcc_bdpipi_pipi_GraNEW_0.86_2018_Tot_tag.pdf>
Package pdftex.def Info: /ceph-data/lhcb_g/users/mcaporal/bspipi/out/AccSignal/
/plots/fitAcc/pdf/fitForAcc_bdpipi_pipi_GraNEW_0.86_2018_Tot_tag.pdf  used on i
nput line 154.
(pdftex.def)             Requested size: 133.16194pt x 133.3977pt.
</ceph-data/lhcb_g/users/mcaporal/bspipi/out/AccSignal//plots/fitAcc/pdf/fitFor
Acc_bspipi_pipi_GraNEW_0.86_2018_Tot_tag.pdf, id=2392, 569.12625pt x 570.13pt>
File: /ceph-data/lhcb_g/users/mcaporal/bspipi/out/AccSignal//plots/fitAcc/pdf/f
itForAcc_bspipi_pipi_GraNEW_0.86_2018_Tot_tag.pdf Graphic file (type pdf)
<use /ceph-data/lhcb_g/users/mcaporal/bspipi/out/AccSignal//plots/fitAcc/pdf/fi
tForAcc_bspipi_pipi_GraNEW_0.86_2018_Tot_tag.pdf>
Package pdftex.def Info: /ceph-data/lhcb_g/users/mcaporal/bspipi/out/AccSignal/
/plots/fitAcc/pdf/fitForAcc_bspipi_pipi_GraNEW_0.86_2018_Tot_tag.pdf  used on i
nput line 155.
(pdftex.def)             Requested size: 133.16194pt x 133.3977pt.
</ceph-data/lhcb_g/users/mcaporal/bspipi/out/AccSignal//plots/fitAcc/pdf/fitFor
Acc_bskpi_pipi_GraNEW_0.86_2018_Tot_tag.pdf, id=2393, 569.12625pt x 570.13pt>
File: /ceph-data/lhcb_g/users/mcaporal/bspipi/out/AccSignal//plots/fitAcc/pdf/f
itForAcc_bskpi_pipi_GraNEW_0.86_2018_Tot_tag.pdf Graphic file (type pdf)
<use /ceph-data/lhcb_g/users/mcaporal/bspipi/out/AccSignal//plots/fitAcc/pdf/fi
tForAcc_bskpi_pipi_GraNEW_0.86_2018_Tot_tag.pdf>
Package pdftex.def Info: /ceph-data/lhcb_g/users/mcaporal/bspipi/out/AccSignal/
/plots/fitAcc/pdf/fitForAcc_bskpi_pipi_GraNEW_0.86_2018_Tot_tag.pdf  used on in
put line 156.
(pdftex.def)             Requested size: 133.16194pt x 133.3977pt.

LaTeX Warning: `!h' float specifier changed to `!ht'.

</ceph-data/lhcb_g/users/mcaporal/bspipi/out/AccSignal//plots/fitAcc/pdf/fitFor
Acc_bdkpi_kk_GraNEW_0.86_2018_Tot_tot.pdf, id=2394, 569.12625pt x 570.13pt>
File: /ceph-data/lhcb_g/users/mcaporal/bspipi/out/AccSignal//plots/fitAcc/pdf/f
itForAcc_bdkpi_kk_GraNEW_0.86_2018_Tot_tot.pdf Graphic file (type pdf)
<use /ceph-data/lhcb_g/users/mcaporal/bspipi/out/AccSignal//plots/fitAcc/pdf/fi
tForAcc_bdkpi_kk_GraNEW_0.86_2018_Tot_tot.pdf>
Package pdftex.def Info: /ceph-data/lhcb_g/users/mcaporal/bspipi/out/AccSignal/
/plots/fitAcc/pdf/fitForAcc_bdkpi_kk_GraNEW_0.86_2018_Tot_tot.pdf  used on inpu
t line 163.
(pdftex.def)             Requested size: 133.16194pt x 133.3977pt.
</ceph-data/lhcb_g/users/mcaporal/bspipi/out/AccSignal//plots/fitAcc/pdf/fitFor
Acc_bdkk_kk_GraNEW_0.86_2018_Tot_tot.pdf, id=2395, 569.12625pt x 570.13pt>
File: /ceph-data/lhcb_g/users/mcaporal/bspipi/out/AccSignal//plots/fitAcc/pdf/f
itForAcc_bdkk_kk_GraNEW_0.86_2018_Tot_tot.pdf Graphic file (type pdf)
<use /ceph-data/lhcb_g/users/mcaporal/bspipi/out/AccSignal//plots/fitAcc/pdf/fi
tForAcc_bdkk_kk_GraNEW_0.86_2018_Tot_tot.pdf>
Package pdftex.def Info: /ceph-data/lhcb_g/users/mcaporal/bspipi/out/AccSignal/
/plots/fitAcc/pdf/fitForAcc_bdkk_kk_GraNEW_0.86_2018_Tot_tot.pdf  used on input
 line 164.
(pdftex.def)             Requested size: 133.16194pt x 133.3977pt.
</ceph-data/lhcb_g/users/mcaporal/bspipi/out/AccSignal//plots/fitAcc/pdf/fitFor
Acc_bskk_kk_GraNEW_0.86_2018_Tot_tot.pdf, id=2396, 569.12625pt x 570.13pt>
File: /ceph-data/lhcb_g/users/mcaporal/bspipi/out/AccSignal//plots/fitAcc/pdf/f
itForAcc_bskk_kk_GraNEW_0.86_2018_Tot_tot.pdf Graphic file (type pdf)
<use /ceph-data/lhcb_g/users/mcaporal/bspipi/out/AccSignal//plots/fitAcc/pdf/fi
tForAcc_bskk_kk_GraNEW_0.86_2018_Tot_tot.pdf>
Package pdftex.def Info: /ceph-data/lhcb_g/users/mcaporal/bspipi/out/AccSignal/
/plots/fitAcc/pdf/fitForAcc_bskk_kk_GraNEW_0.86_2018_Tot_tot.pdf  used on input
 line 165.
(pdftex.def)             Requested size: 133.16194pt x 133.3977pt.
</ceph-data/lhcb_g/users/mcaporal/bspipi/out/AccSignal//plots/fitAcc/pdf/fitFor
Acc_lbpk_kk_GraNEW_0.86_2018_Tot_tot.pdf, id=2397, 569.12625pt x 570.13pt>
File: /ceph-data/lhcb_g/users/mcaporal/bspipi/out/AccSignal//plots/fitAcc/pdf/f
itForAcc_lbpk_kk_GraNEW_0.86_2018_Tot_tot.pdf Graphic file (type pdf)
<use /ceph-data/lhcb_g/users/mcaporal/bspipi/out/AccSignal//plots/fitAcc/pdf/fi
tForAcc_lbpk_kk_GraNEW_0.86_2018_Tot_tot.pdf>
Package pdftex.def Info: /ceph-data/lhcb_g/users/mcaporal/bspipi/out/AccSignal/
/plots/fitAcc/pdf/fitForAcc_lbpk_kk_GraNEW_0.86_2018_Tot_tot.pdf  used on input
 line 166.
(pdftex.def)             Requested size: 133.16194pt x 133.3977pt.
</ceph-data/lhcb_g/users/mcaporal/bspipi/out/AccSignal//plots/fitAcc/pdf/fitFor
Acc_bdkpi_kk_GraNEW_0.86_2018_Tot_tag.pdf, id=2398, 569.12625pt x 570.13pt>
File: /ceph-data/lhcb_g/users/mcaporal/bspipi/out/AccSignal//plots/fitAcc/pdf/f
itForAcc_bdkpi_kk_GraNEW_0.86_2018_Tot_tag.pdf Graphic file (type pdf)
<use /ceph-data/lhcb_g/users/mcaporal/bspipi/out/AccSignal//plots/fitAcc/pdf/fi
tForAcc_bdkpi_kk_GraNEW_0.86_2018_Tot_tag.pdf>
Package pdftex.def Info: /ceph-data/lhcb_g/users/mcaporal/bspipi/out/AccSignal/
/plots/fitAcc/pdf/fitForAcc_bdkpi_kk_GraNEW_0.86_2018_Tot_tag.pdf  used on inpu
t line 167.
(pdftex.def)             Requested size: 133.16194pt x 133.3977pt.
</ceph-data/lhcb_g/users/mcaporal/bspipi/out/AccSignal//plots/fitAcc/pdf/fitFor
Acc_bdkk_kk_GraNEW_0.86_2018_Tot_tag.pdf, id=2399, 569.12625pt x 570.13pt>
File: /ceph-data/lhcb_g/users/mcaporal/bspipi/out/AccSignal//plots/fitAcc/pdf/f
itForAcc_bdkk_kk_GraNEW_0.86_2018_Tot_tag.pdf Graphic file (type pdf)
<use /ceph-data/lhcb_g/users/mcaporal/bspipi/out/AccSignal//plots/fitAcc/pdf/fi
tForAcc_bdkk_kk_GraNEW_0.86_2018_Tot_tag.pdf>
Package pdftex.def Info: /ceph-data/lhcb_g/users/mcaporal/bspipi/out/AccSignal/
/plots/fitAcc/pdf/fitForAcc_bdkk_kk_GraNEW_0.86_2018_Tot_tag.pdf  used on input
 line 168.
(pdftex.def)             Requested size: 133.16194pt x 133.3977pt.
</ceph-data/lhcb_g/users/mcaporal/bspipi/out/AccSignal//plots/fitAcc/pdf/fitFor
Acc_bskk_kk_GraNEW_0.86_2018_Tot_tag.pdf, id=2400, 569.12625pt x 570.13pt>
File: /ceph-data/lhcb_g/users/mcaporal/bspipi/out/AccSignal//plots/fitAcc/pdf/f
itForAcc_bskk_kk_GraNEW_0.86_2018_Tot_tag.pdf Graphic file (type pdf)
<use /ceph-data/lhcb_g/users/mcaporal/bspipi/out/AccSignal//plots/fitAcc/pdf/fi
tForAcc_bskk_kk_GraNEW_0.86_2018_Tot_tag.pdf>
Package pdftex.def Info: /ceph-data/lhcb_g/users/mcaporal/bspipi/out/AccSignal/
/plots/fitAcc/pdf/fitForAcc_bskk_kk_GraNEW_0.86_2018_Tot_tag.pdf  used on input
 line 169.
(pdftex.def)             Requested size: 133.16194pt x 133.3977pt.
</ceph-data/lhcb_g/users/mcaporal/bspipi/out/AccSignal//plots/fitAcc/pdf/fitFor
Acc_lbpk_kk_GraNEW_0.86_2018_Tot_tag.pdf, id=2401, 569.12625pt x 570.13pt>
File: /ceph-data/lhcb_g/users/mcaporal/bspipi/out/AccSignal//plots/fitAcc/pdf/f
itForAcc_lbpk_kk_GraNEW_0.86_2018_Tot_tag.pdf Graphic file (type pdf)
<use /ceph-data/lhcb_g/users/mcaporal/bspipi/out/AccSignal//plots/fitAcc/pdf/fi
tForAcc_lbpk_kk_GraNEW_0.86_2018_Tot_tag.pdf>
Package pdftex.def Info: /ceph-data/lhcb_g/users/mcaporal/bspipi/out/AccSignal/
/plots/fitAcc/pdf/fitForAcc_lbpk_kk_GraNEW_0.86_2018_Tot_tag.pdf  used on input
 line 170.
(pdftex.def)             Requested size: 133.16194pt x 133.3977pt.

LaTeX Warning: `!h' float specifier changed to `!ht'.

[6

 </ceph-data/lhcb_g/users/mcaporal/bspipi/out/AccSignal//plots/fitAcc/pdf/fitFo
rAcc_Data_kpi_GraNEW_0.86_2018_Tot_tot.pdf> </ceph-data/lhcb_g/users/mcaporal/b
spipi/out/AccSignal//plots/fitAcc/pdf/fitForAcc_Data_kpi_GraNEW_0.86_2018_Tot_t
ag.pdf> </ceph-data/lhcb_g/users/mcaporal/bspipi/out/AccSignal//plots/fitAcc/pd
f/fitForAcc_bdkpi_kpi_GraNEW_0.86_2018_Tot_tot.pdf> </ceph-data/lhcb_g/users/mc
aporal/bspipi/out/AccSignal//plots/fitAcc/pdf/fitForAcc_bdpipi_kpi_GraNEW_0.86_
2018_Tot_tot.pdf> </ceph-data/lhcb_g/users/mcaporal/bspipi/out/AccSignal//plots
/fitAcc/pdf/fitForAcc_bskk_kpi_GraNEW_0.86_2018_Tot_tot.pdf> </ceph-data/lhcb_g
/users/mcaporal/bspipi/out/AccSignal//plots/fitAcc/pdf/fitForAcc_bskpi_kpi_GraN
EW_0.86_2018_Tot_tot.pdf> </ceph-data/lhcb_g/users/mcaporal/bspipi/out/AccSigna
l//plots/fitAcc/pdf/fitForAcc_bdkpi_kpi_GraNEW_0.86_2018_Tot_tag.pdf> </ceph-da
ta/lhcb_g/users/mcaporal/bspipi/out/AccSignal//plots/fitAcc/pdf/fitForAcc_bdpip
i_kpi_GraNEW_0.86_2018_Tot_tag.pdf> </ceph-data/lhcb_g/users/mcaporal/bspipi/ou
t/AccSignal//plots/fitAcc/pdf/fitForAcc_bskk_kpi_GraNEW_0.86_2018_Tot_tag.pdf> 
</ceph-data/lhcb_g/users/mcaporal/bspipi/out/AccSignal//plots/fitAcc/pdf/fitFor
Acc_bskpi_kpi_GraNEW_0.86_2018_Tot_tag.pdf>] [7 </ceph-data/lhcb_g/users/mcapor
al/bspipi/out/AccSignal//plots/fitAcc/pdf/fitForAcc_bdkpi_pipi_GraNEW_0.86_2018
_Tot_tot.pdf> </ceph-data/lhcb_g/users/mcaporal/bspipi/out/AccSignal//plots/fit
Acc/pdf/fitForAcc_bdpipi_pipi_GraNEW_0.86_2018_Tot_tot.pdf> </ceph-data/lhcb_g/
users/mcaporal/bspipi/out/AccSignal//plots/fitAcc/pdf/fitForAcc_bspipi_pipi_Gra
NEW_0.86_2018_Tot_tot.pdf> </ceph-data/lhcb_g/users/mcaporal/bspipi/out/AccSign
al//plots/fitAcc/pdf/fitForAcc_bskpi_pipi_GraNEW_0.86_2018_Tot_tot.pdf> </ceph-
data/lhcb_g/users/mcaporal/bspipi/out/AccSignal//plots/fitAcc/pdf/fitForAcc_bdk
pi_pipi_GraNEW_0.86_2018_Tot_tag.pdf> </ceph-data/lhcb_g/users/mcaporal/bspipi/
out/AccSignal//plots/fitAcc/pdf/fitForAcc_bdpipi_pipi_GraNEW_0.86_2018_Tot_tag.
pdf> </ceph-data/lhcb_g/users/mcaporal/bspipi/out/AccSignal//plots/fitAcc/pdf/f
itForAcc_bspipi_pipi_GraNEW_0.86_2018_Tot_tag.pdf> </ceph-data/lhcb_g/users/mca
poral/bspipi/out/AccSignal//plots/fitAcc/pdf/fitForAcc_bskpi_pipi_GraNEW_0.86_2
018_Tot_tag.pdf> </ceph-data/lhcb_g/users/mcaporal/bspipi/out/AccSignal//plots/
fitAcc/pdf/fitForAcc_bdkpi_kk_GraNEW_0.86_2018_Tot_tot.pdf> </ceph-data/lhcb_g/
users/mcaporal/bspipi/out/AccSignal//plots/fitAcc/pdf/fitForAcc_bdkk_kk_GraNEW_
0.86_2018_Tot_tot.pdf> </ceph-data/lhcb_g/users/mcaporal/bspipi/out/AccSignal//
plots/fitAcc/pdf/fitForAcc_bskk_kk_GraNEW_0.86_2018_Tot_tot.pdf> </ceph-data/lh
cb_g/users/mcaporal/bspipi/out/AccSignal//plots/fitAcc/pdf/fitForAcc_lbpk_kk_Gr
aNEW_0.86_2018_Tot_tot.pdf> </ceph-data/lhcb_g/users/mcaporal/bspipi/out/AccSig
nal//plots/fitAcc/pdf/fitForAcc_bdkpi_kk_GraNEW_0.86_2018_Tot_tag.pdf> </ceph-d
ata/lhcb_g/users/mcaporal/bspipi/out/AccSignal//plots/fitAcc/pdf/fitForAcc_bdkk
_kk_GraNEW_0.86_2018_Tot_tag.pdf> </ceph-data/lhcb_g/users/mcaporal/bspipi/out/
AccSignal//plots/fitAcc/pdf/fitForAcc_bskk_kk_GraNEW_0.86_2018_Tot_tag.pdf> </c
eph-data/lhcb_g/users/mcaporal/bspipi/out/AccSignal//plots/fitAcc/pdf/fitForAcc
_lbpk_kk_GraNEW_0.86_2018_Tot_tag.pdf>] (./AccSignal.aux)

LaTeX Warning: There were multiply-defined labels.

Package rerunfilecheck Info: File `AccSignal.out' has not changed.
(rerunfilecheck)             Checksum: AD16BF740A1BD56602221690CCB2F46A;1172.
 ) 
Here is how much of TeX's memory you used:
 9529 strings out of 481008
 185917 string characters out of 5909439
 436003 words of memory out of 5000000
 26496 multiletter control sequences out of 15000+600000
 407151 words of font info for 43 fonts, out of 8000000 for 9000
 14 hyphenation exceptions out of 8191
 71i,5n,74p,302b,327s stack positions out of 5000i,500n,10000p,200000b,80000s
</usr/share/texlive/texmf-dist/fonts/type1/public/amsfonts/cm/cmbx10.pfb></us
r/share/texlive/texmf-dist/fonts/type1/public/amsfonts/cm/cmbx12.pfb></usr/shar
e/texlive/texmf-dist/fonts/type1/public/amsfonts/cm/cmmi10.pfb></usr/share/texl
ive/texmf-dist/fonts/type1/public/amsfonts/cm/cmr10.pfb></usr/share/texlive/tex
mf-dist/fonts/type1/public/amsfonts/cm/cmtt10.pfb>
Output written on AccSignal.pdf (7 pages, 5573726 bytes).
PDF statistics:
 3565 PDF objects out of 3580 (max. 8388607)
 1507 compressed objects within 16 object streams
 29 named destinations out of 1000 (max. 500000)
 455 words of extra memory for PDF output out of 10000 (max. 10000000)

